### Starting TaskPrologue of job 3254703 on a0324 at Sat Dec 27 18:00:52 CET 2025
Running on cores 96-111 with governor ondemand
Sat Dec 27 18:00:52 2025       
+-----------------------------------------------------------------------------------------+
| NVIDIA-SMI 580.105.08             Driver Version: 580.105.08     CUDA Version: 13.0     |
+-----------------------------------------+------------------------+----------------------+
| GPU  Name                 Persistence-M | Bus-Id          Disp.A | Volatile Uncorr. ECC |
| Fan  Temp   Perf          Pwr:Usage/Cap |           Memory-Usage | GPU-Util  Compute M. |
|                                         |                        |               MIG M. |
|=========================================+========================+======================|
|   0  NVIDIA A40                     On  |   00000000:C1:00.0 Off |                  Off |
|  0%   33C    P8             22W /  300W |       0MiB /  49140MiB |      0%      Default |
|                                         |                        |                  N/A |
+-----------------------------------------+------------------------+----------------------+

+-----------------------------------------------------------------------------------------+
| Processes:                                                                              |
|  GPU   GI   CI              PID   Type   Process name                        GPU Memory |
|        ID   ID                                                               Usage      |
|=========================================================================================|
|  No running processes found                                                             |
+-----------------------------------------------------------------------------------------+
### Finished TaskPrologue

============================================================
TCT Training Job
============================================================
Job ID:     3254703
Node:       a0324
GPU:        a40 (a40)
Start:      Sat Dec 27 18:00:54 CET 2025
============================================================

Python 3.12 module not available, using conda
Python:  Python 3.12.12
PyTorch: 2.9.1+cu128
CUDA:    12.8
GPU:     NVIDIA A40

Starting training: eslintrc

GPU: NVIDIA A40 (49GB) - batch sizes auto-scaled
============================================================
TCT Experiments
============================================================
Date: Sat Dec 27 18:01:03 CET 2025
GPU: NVIDIA A40 (49GB)
Data: /home/hpc/iwia/iwia104h/jonas/nanochat-tct/../data
Schemas: eslintrc
Sizes: small medium large
Tokenizers: tct utf8
============================================================

============================================================
eslintrc (100 epochs)
============================================================
[START] eslintrc_tct_small at Sat Dec 27 18:01:03 CET 2025
2025-12-27 18:01:07,443 - nanochat.common - [32m[1mINFO[0m - Distributed world size: 1

                                                       █████                █████
                                                      ░░███                ░░███
     ████████    ██████   ████████    ██████   ██████  ░███████    ██████  ███████
    ░░███░░███  ░░░░░███ ░░███░░███  ███░░███ ███░░███ ░███░░███  ░░░░░███░░░███░
     ░███ ░███   ███████  ░███ ░███ ░███ ░███░███ ░░░  ░███ ░███   ███████  ░███
     ░███ ░███  ███░░███  ░███ ░███ ░███ ░███░███  ███ ░███ ░███  ███░░███  ░███ ███
     ████ █████░░████████ ████ █████░░██████ ░░██████  ████ █████░░███████  ░░█████
    ░░░░ ░░░░░  ░░░░░░░░ ░░░░ ░░░░░  ░░░░░░   ░░░░░░  ░░░░ ░░░░░  ░░░░░░░░   ░░░░░
    
Overriding: schema = eslintrc
Overriding: tokenizer = tct
Overriding: model_size = small
Overriding: data_root = /home/hpc/iwia/iwia104h/jonas/nanochat-tct/../data
Autodetected device type: cuda
================================================================================
EXPERIMENT: eslintrc / tct-BPE / small
================================================================================
Schema: eslintrc
Tokenizer: tct-BPE
Data path: /home/hpc/iwia/iwia104h/jonas/nanochat-tct/../data/eslintrc-tct-bpe-500
Vocab size: 500
Context size: 2048
Model size: small (33,029,120 params)
Dropout: 0.0

Batch size: 16
Gradient accumulation: 4
Effective batch size: 64
Learning rate: 0.0003 (cosine decay to 3.0e-05)

Epochs: 150
Steps per epoch: 164
Total steps: 24600
Warmup steps: 8
Save interval: every 2460 steps (10%)

Number of parameters: 31,969,280

Initializing dataloaders...
Dataset: eslintrc-tct-bpe-500
  Split: train (114,500 sequences)
  Vocab: 500
  Loaded 100,000 lines...
Loaded 114,500 sequences
  Average length: 189.9 tokens
  Truncate (>2048): 766 (0.7%)
  Pad (<2048): 113,727 (99.3%)
First batch shape: x=torch.Size([16, 2048]), y=torch.Size([16, 2048])

================================================================================
STARTING TRAINING
================================================================================

E00 step 000000/024600 (0.0%) | loss: 6.2146 | ppl: 500.0 | lr: 3.75e-05 | dt: 19424ms | tok/s: 6,748
E00 step 000010/024600 (0.0%) | loss: 5.9168 | ppl: 371.2 | lr: 3.00e-04 | dt: 474ms | tok/s: 276,589
E00 step 000020/024600 (0.1%) | loss: 5.4641 | ppl: 236.1 | lr: 3.00e-04 | dt: 476ms | tok/s: 275,446
E00 step 000030/024600 (0.1%) | loss: 5.0375 | ppl: 154.1 | lr: 3.00e-04 | dt: 476ms | tok/s: 275,332
E00 step 000040/024600 (0.2%) | loss: 4.6000 | ppl: 99.5 | lr: 3.00e-04 | dt: 477ms | tok/s: 274,850
E00 step 000050/024600 (0.2%) | loss: 4.1464 | ppl: 63.2 | lr: 3.00e-04 | dt: 478ms | tok/s: 274,345
E00 step 000060/024600 (0.2%) | loss: 3.8116 | ppl: 45.2 | lr: 3.00e-04 | dt: 478ms | tok/s: 274,248
E00 step 000070/024600 (0.3%) | loss: 3.4904 | ppl: 32.8 | lr: 3.00e-04 | dt: 479ms | tok/s: 273,483
E00 step 000080/024600 (0.3%) | loss: 3.0726 | ppl: 21.6 | lr: 3.00e-04 | dt: 480ms | tok/s: 273,203
E00 step 000090/024600 (0.4%) | loss: 2.8468 | ppl: 17.2 | lr: 3.00e-04 | dt: 480ms | tok/s: 272,808
E00 step 000100/024600 (0.4%) | loss: 2.5654 | ppl: 13.0 | lr: 3.00e-04 | dt: 482ms | tok/s: 271,804
E00 step 000110/024600 (0.4%) | loss: 2.4494 | ppl: 11.6 | lr: 3.00e-04 | dt: 483ms | tok/s: 271,619
E00 step 000120/024600 (0.5%) | loss: 2.2014 | ppl: 9.0 | lr: 3.00e-04 | dt: 483ms | tok/s: 271,132
E00 step 000130/024600 (0.5%) | loss: 2.0009 | ppl: 7.4 | lr: 3.00e-04 | dt: 483ms | tok/s: 271,185
E00 step 000140/024600 (0.6%) | loss: 1.8178 | ppl: 6.2 | lr: 3.00e-04 | dt: 483ms | tok/s: 271,146
E00 step 000150/024600 (0.6%) | loss: 1.6681 | ppl: 5.3 | lr: 3.00e-04 | dt: 485ms | tok/s: 270,428
E00 step 000160/024600 (0.7%) | loss: 1.5678 | ppl: 4.8 | lr: 3.00e-04 | dt: 484ms | tok/s: 270,901
Epoch   1 | Step    164 | Val loss: 1.4574 | Val ppl: 4.29 (best)
E01 step 000170/024600 (0.7%) | loss: 1.5279 | ppl: 4.6 | lr: 3.00e-04 | dt: 482ms | tok/s: 271,759
E01 step 000180/024600 (0.7%) | loss: 1.4014 | ppl: 4.1 | lr: 3.00e-04 | dt: 483ms | tok/s: 271,372
E01 step 000190/024600 (0.8%) | loss: 1.4878 | ppl: 4.4 | lr: 3.00e-04 | dt: 483ms | tok/s: 271,554
E01 step 000200/024600 (0.8%) | loss: 1.3409 | ppl: 3.8 | lr: 3.00e-04 | dt: 483ms | tok/s: 271,183
E01 step 000210/024600 (0.9%) | loss: 1.2525 | ppl: 3.5 | lr: 3.00e-04 | dt: 484ms | tok/s: 270,936
E01 step 000220/024600 (0.9%) | loss: 1.3051 | ppl: 3.7 | lr: 3.00e-04 | dt: 484ms | tok/s: 270,823
E01 step 000230/024600 (0.9%) | loss: 1.2234 | ppl: 3.4 | lr: 3.00e-04 | dt: 485ms | tok/s: 270,138
E01 step 000240/024600 (1.0%) | loss: 1.2192 | ppl: 3.4 | lr: 3.00e-04 | dt: 484ms | tok/s: 271,007
E01 step 000250/024600 (1.0%) | loss: 1.2221 | ppl: 3.4 | lr: 3.00e-04 | dt: 484ms | tok/s: 270,894
E01 step 000260/024600 (1.1%) | loss: 1.1737 | ppl: 3.2 | lr: 3.00e-04 | dt: 485ms | tok/s: 270,037
E01 step 000270/024600 (1.1%) | loss: 1.1203 | ppl: 3.1 | lr: 3.00e-04 | dt: 487ms | tok/s: 269,241
E01 step 000280/024600 (1.1%) | loss: 1.0824 | ppl: 3.0 | lr: 3.00e-04 | dt: 486ms | tok/s: 269,583
E01 step 000290/024600 (1.2%) | loss: 1.1302 | ppl: 3.1 | lr: 3.00e-04 | dt: 486ms | tok/s: 269,884
E01 step 000300/024600 (1.2%) | loss: 1.0612 | ppl: 2.9 | lr: 3.00e-04 | dt: 487ms | tok/s: 269,262
E01 step 000310/024600 (1.3%) | loss: 1.0354 | ppl: 2.8 | lr: 3.00e-04 | dt: 487ms | tok/s: 269,243
E01 step 000320/024600 (1.3%) | loss: 1.0076 | ppl: 2.7 | lr: 3.00e-04 | dt: 486ms | tok/s: 269,627
Epoch   2 | Step    328 | Val loss: 0.9216 | Val ppl: 2.51 (best)
E02 step 000330/024600 (1.3%) | loss: 1.0113 | ppl: 2.7 | lr: 3.00e-04 | dt: 485ms | tok/s: 270,281
E02 step 000340/024600 (1.4%) | loss: 1.0338 | ppl: 2.8 | lr: 3.00e-04 | dt: 486ms | tok/s: 269,959
E02 step 000350/024600 (1.4%) | loss: 0.8801 | ppl: 2.4 | lr: 3.00e-04 | dt: 488ms | tok/s: 268,751
E02 step 000360/024600 (1.5%) | loss: 0.9527 | ppl: 2.6 | lr: 3.00e-04 | dt: 486ms | tok/s: 269,653
E02 step 000370/024600 (1.5%) | loss: 0.8305 | ppl: 2.3 | lr: 3.00e-04 | dt: 487ms | tok/s: 268,924
E02 step 000380/024600 (1.5%) | loss: 0.8401 | ppl: 2.3 | lr: 3.00e-04 | dt: 487ms | tok/s: 269,364
E02 step 000390/024600 (1.6%) | loss: 0.9103 | ppl: 2.5 | lr: 3.00e-04 | dt: 487ms | tok/s: 269,417
E02 step 000400/024600 (1.6%) | loss: 0.9172 | ppl: 2.5 | lr: 3.00e-04 | dt: 487ms | tok/s: 269,162
E02 step 000410/024600 (1.7%) | loss: 0.8814 | ppl: 2.4 | lr: 3.00e-04 | dt: 487ms | tok/s: 269,399
E02 step 000420/024600 (1.7%) | loss: 0.8208 | ppl: 2.3 | lr: 3.00e-04 | dt: 487ms | tok/s: 269,300
E02 step 000430/024600 (1.7%) | loss: 0.8666 | ppl: 2.4 | lr: 3.00e-04 | dt: 488ms | tok/s: 268,600
E02 step 000440/024600 (1.8%) | loss: 0.8547 | ppl: 2.4 | lr: 3.00e-04 | dt: 487ms | tok/s: 268,976
E02 step 000450/024600 (1.8%) | loss: 0.7862 | ppl: 2.2 | lr: 3.00e-04 | dt: 487ms | tok/s: 269,243
E02 step 000460/024600 (1.9%) | loss: 0.7482 | ppl: 2.1 | lr: 3.00e-04 | dt: 487ms | tok/s: 269,021
E02 step 000470/024600 (1.9%) | loss: 0.7686 | ppl: 2.2 | lr: 3.00e-04 | dt: 487ms | tok/s: 268,926
E02 step 000480/024600 (2.0%) | loss: 0.7918 | ppl: 2.2 | lr: 3.00e-04 | dt: 486ms | tok/s: 269,441
E02 step 000490/024600 (2.0%) | loss: 0.8295 | ppl: 2.3 | lr: 3.00e-04 | dt: 486ms | tok/s: 269,465
Epoch   3 | Step    492 | Val loss: 0.7501 | Val ppl: 2.12 (best)
E03 step 000500/024600 (2.0%) | loss: 0.7740 | ppl: 2.2 | lr: 3.00e-04 | dt: 486ms | tok/s: 269,667
E03 step 000510/024600 (2.1%) | loss: 0.7778 | ppl: 2.2 | lr: 3.00e-04 | dt: 486ms | tok/s: 269,699
E03 step 000520/024600 (2.1%) | loss: 0.7353 | ppl: 2.1 | lr: 3.00e-04 | dt: 486ms | tok/s: 269,875
E03 step 000530/024600 (2.2%) | loss: 0.7891 | ppl: 2.2 | lr: 3.00e-04 | dt: 487ms | tok/s: 269,288
E03 step 000540/024600 (2.2%) | loss: 0.8179 | ppl: 2.3 | lr: 3.00e-04 | dt: 486ms | tok/s: 269,576
E03 step 000550/024600 (2.2%) | loss: 0.7591 | ppl: 2.1 | lr: 3.00e-04 | dt: 487ms | tok/s: 269,418
E03 step 000560/024600 (2.3%) | loss: 0.7255 | ppl: 2.1 | lr: 3.00e-04 | dt: 486ms | tok/s: 269,502
E03 step 000570/024600 (2.3%) | loss: 0.7822 | ppl: 2.2 | lr: 3.00e-04 | dt: 487ms | tok/s: 269,224
E03 step 000580/024600 (2.4%) | loss: 0.7157 | ppl: 2.0 | lr: 3.00e-04 | dt: 486ms | tok/s: 269,715
E03 step 000590/024600 (2.4%) | loss: 0.6871 | ppl: 2.0 | lr: 3.00e-04 | dt: 486ms | tok/s: 269,601
E03 step 000600/024600 (2.4%) | loss: 0.6861 | ppl: 2.0 | lr: 3.00e-04 | dt: 487ms | tok/s: 269,371
E03 step 000610/024600 (2.5%) | loss: 0.6976 | ppl: 2.0 | lr: 3.00e-04 | dt: 486ms | tok/s: 269,837
E03 step 000620/024600 (2.5%) | loss: 0.8007 | ppl: 2.2 | lr: 3.00e-04 | dt: 487ms | tok/s: 269,410
E03 step 000630/024600 (2.6%) | loss: 0.8104 | ppl: 2.2 | lr: 3.00e-04 | dt: 486ms | tok/s: 269,499
E03 step 000640/024600 (2.6%) | loss: 0.8512 | ppl: 2.3 | lr: 3.00e-04 | dt: 486ms | tok/s: 269,704
E03 step 000650/024600 (2.6%) | loss: 0.7369 | ppl: 2.1 | lr: 3.00e-04 | dt: 487ms | tok/s: 268,960
Epoch   4 | Step    656 | Val loss: 0.6618 | Val ppl: 1.94 (best)
E04 step 000660/024600 (2.7%) | loss: 0.6630 | ppl: 1.9 | lr: 3.00e-04 | dt: 487ms | tok/s: 269,378
E04 step 000670/024600 (2.7%) | loss: 0.7195 | ppl: 2.1 | lr: 3.00e-04 | dt: 486ms | tok/s: 269,554
E04 step 000680/024600 (2.8%) | loss: 0.6766 | ppl: 2.0 | lr: 3.00e-04 | dt: 486ms | tok/s: 269,470
E04 step 000690/024600 (2.8%) | loss: 0.6428 | ppl: 1.9 | lr: 2.99e-04 | dt: 487ms | tok/s: 269,022
E04 step 000700/024600 (2.8%) | loss: 0.6422 | ppl: 1.9 | lr: 2.99e-04 | dt: 487ms | tok/s: 269,054
E04 step 000710/024600 (2.9%) | loss: 0.6132 | ppl: 1.8 | lr: 2.99e-04 | dt: 487ms | tok/s: 269,227
E04 step 000720/024600 (2.9%) | loss: 0.7001 | ppl: 2.0 | lr: 2.99e-04 | dt: 487ms | tok/s: 268,997
E04 step 000730/024600 (3.0%) | loss: 0.7191 | ppl: 2.1 | lr: 2.99e-04 | dt: 487ms | tok/s: 269,308
E04 step 000740/024600 (3.0%) | loss: 0.7144 | ppl: 2.0 | lr: 2.99e-04 | dt: 488ms | tok/s: 268,807
E04 step 000750/024600 (3.0%) | loss: 0.6664 | ppl: 1.9 | lr: 2.99e-04 | dt: 486ms | tok/s: 269,607
E04 step 000760/024600 (3.1%) | loss: 0.6690 | ppl: 2.0 | lr: 2.99e-04 | dt: 487ms | tok/s: 269,206
E04 step 000770/024600 (3.1%) | loss: 0.7071 | ppl: 2.0 | lr: 2.99e-04 | dt: 488ms | tok/s: 268,455
E04 step 000780/024600 (3.2%) | loss: 0.6381 | ppl: 1.9 | lr: 2.99e-04 | dt: 486ms | tok/s: 269,526
E04 step 000790/024600 (3.2%) | loss: 0.6309 | ppl: 1.9 | lr: 2.99e-04 | dt: 487ms | tok/s: 269,207
E04 step 000800/024600 (3.3%) | loss: 0.6488 | ppl: 1.9 | lr: 2.99e-04 | dt: 487ms | tok/s: 268,899
E04 step 000810/024600 (3.3%) | loss: 0.6280 | ppl: 1.9 | lr: 2.99e-04 | dt: 487ms | tok/s: 269,225
Epoch   5 | Step    820 | Val loss: 0.6114 | Val ppl: 1.84 (best)
E05 step 000820/024600 (3.3%) | loss: 0.6729 | ppl: 2.0 | lr: 2.99e-04 | dt: 495ms | tok/s: 264,796
E05 step 000830/024600 (3.4%) | loss: 0.6743 | ppl: 2.0 | lr: 2.99e-04 | dt: 487ms | tok/s: 269,370
E05 step 000840/024600 (3.4%) | loss: 0.5966 | ppl: 1.8 | lr: 2.99e-04 | dt: 487ms | tok/s: 269,030
E05 step 000850/024600 (3.5%) | loss: 0.6064 | ppl: 1.8 | lr: 2.99e-04 | dt: 487ms | tok/s: 269,375
E05 step 000860/024600 (3.5%) | loss: 0.6079 | ppl: 1.8 | lr: 2.99e-04 | dt: 487ms | tok/s: 268,929
E05 step 000870/024600 (3.5%) | loss: 0.6885 | ppl: 2.0 | lr: 2.99e-04 | dt: 487ms | tok/s: 269,248
E05 step 000880/024600 (3.6%) | loss: 0.6843 | ppl: 2.0 | lr: 2.99e-04 | dt: 488ms | tok/s: 268,745
E05 step 000890/024600 (3.6%) | loss: 0.6419 | ppl: 1.9 | lr: 2.99e-04 | dt: 486ms | tok/s: 269,521
E05 step 000900/024600 (3.7%) | loss: 0.6407 | ppl: 1.9 | lr: 2.99e-04 | dt: 487ms | tok/s: 269,017
E05 step 000910/024600 (3.7%) | loss: 0.5776 | ppl: 1.8 | lr: 2.99e-04 | dt: 487ms | tok/s: 268,880
E05 step 000920/024600 (3.7%) | loss: 0.5819 | ppl: 1.8 | lr: 2.99e-04 | dt: 486ms | tok/s: 269,573
E05 step 000930/024600 (3.8%) | loss: 0.5899 | ppl: 1.8 | lr: 2.99e-04 | dt: 487ms | tok/s: 269,152
E05 step 000940/024600 (3.8%) | loss: 0.5427 | ppl: 1.7 | lr: 2.99e-04 | dt: 488ms | tok/s: 268,746
E05 step 000950/024600 (3.9%) | loss: 0.5888 | ppl: 1.8 | lr: 2.99e-04 | dt: 487ms | tok/s: 269,146
E05 step 000960/024600 (3.9%) | loss: 0.5600 | ppl: 1.8 | lr: 2.99e-04 | dt: 487ms | tok/s: 269,155
E05 step 000970/024600 (3.9%) | loss: 0.6728 | ppl: 2.0 | lr: 2.99e-04 | dt: 488ms | tok/s: 268,720
E05 step 000980/024600 (4.0%) | loss: 0.6280 | ppl: 1.9 | lr: 2.99e-04 | dt: 487ms | tok/s: 269,182
Epoch   6 | Step    984 | Val loss: 0.5748 | Val ppl: 1.78 (best)
E06 step 000990/024600 (4.0%) | loss: 0.6001 | ppl: 1.8 | lr: 2.99e-04 | dt: 487ms | tok/s: 269,111
E06 step 001000/024600 (4.1%) | loss: 0.6349 | ppl: 1.9 | lr: 2.99e-04 | dt: 487ms | tok/s: 269,101
E06 step 001010/024600 (4.1%) | loss: 0.6264 | ppl: 1.9 | lr: 2.99e-04 | dt: 487ms | tok/s: 268,891
E06 step 001020/024600 (4.1%) | loss: 0.6189 | ppl: 1.9 | lr: 2.99e-04 | dt: 486ms | tok/s: 269,885
E06 step 001030/024600 (4.2%) | loss: 0.5922 | ppl: 1.8 | lr: 2.99e-04 | dt: 487ms | tok/s: 269,136
E06 step 001040/024600 (4.2%) | loss: 0.5724 | ppl: 1.8 | lr: 2.99e-04 | dt: 487ms | tok/s: 269,209
E06 step 001050/024600 (4.3%) | loss: 0.6483 | ppl: 1.9 | lr: 2.99e-04 | dt: 487ms | tok/s: 268,915
E06 step 001060/024600 (4.3%) | loss: 0.5508 | ppl: 1.7 | lr: 2.99e-04 | dt: 486ms | tok/s: 269,531
E06 step 001070/024600 (4.3%) | loss: 0.6545 | ppl: 1.9 | lr: 2.99e-04 | dt: 487ms | tok/s: 269,073
E06 step 001080/024600 (4.4%) | loss: 0.5953 | ppl: 1.8 | lr: 2.99e-04 | dt: 487ms | tok/s: 269,283
E06 step 001090/024600 (4.4%) | loss: 0.5852 | ppl: 1.8 | lr: 2.99e-04 | dt: 488ms | tok/s: 268,851
E06 step 001100/024600 (4.5%) | loss: 0.5570 | ppl: 1.7 | lr: 2.99e-04 | dt: 487ms | tok/s: 269,043
E06 step 001110/024600 (4.5%) | loss: 0.5926 | ppl: 1.8 | lr: 2.99e-04 | dt: 487ms | tok/s: 269,017
E06 step 001120/024600 (4.6%) | loss: 0.5956 | ppl: 1.8 | lr: 2.99e-04 | dt: 487ms | tok/s: 269,185
E06 step 001130/024600 (4.6%) | loss: 0.5587 | ppl: 1.7 | lr: 2.99e-04 | dt: 487ms | tok/s: 269,217
E06 step 001140/024600 (4.6%) | loss: 0.5780 | ppl: 1.8 | lr: 2.99e-04 | dt: 486ms | tok/s: 269,465
Epoch   7 | Step   1148 | Val loss: 0.5475 | Val ppl: 1.73 (best)
E07 step 001150/024600 (4.7%) | loss: 0.5727 | ppl: 1.8 | lr: 2.99e-04 | dt: 487ms | tok/s: 269,216
E07 step 001160/024600 (4.7%) | loss: 0.5334 | ppl: 1.7 | lr: 2.99e-04 | dt: 487ms | tok/s: 269,029
E07 step 001170/024600 (4.8%) | loss: 0.5619 | ppl: 1.8 | lr: 2.99e-04 | dt: 487ms | tok/s: 269,300
E07 step 001180/024600 (4.8%) | loss: 0.5581 | ppl: 1.7 | lr: 2.98e-04 | dt: 487ms | tok/s: 269,265
E07 step 001190/024600 (4.8%) | loss: 0.5388 | ppl: 1.7 | lr: 2.98e-04 | dt: 487ms | tok/s: 269,243
E07 step 001200/024600 (4.9%) | loss: 0.5503 | ppl: 1.7 | lr: 2.98e-04 | dt: 488ms | tok/s: 268,560
E07 step 001210/024600 (4.9%) | loss: 0.5423 | ppl: 1.7 | lr: 2.98e-04 | dt: 487ms | tok/s: 269,123
E07 step 001220/024600 (5.0%) | loss: 0.5828 | ppl: 1.8 | lr: 2.98e-04 | dt: 488ms | tok/s: 268,707
E07 step 001230/024600 (5.0%) | loss: 0.5478 | ppl: 1.7 | lr: 2.98e-04 | dt: 487ms | tok/s: 269,155
E07 step 001240/024600 (5.0%) | loss: 0.5654 | ppl: 1.8 | lr: 2.98e-04 | dt: 487ms | tok/s: 269,124
E07 step 001250/024600 (5.1%) | loss: 0.5714 | ppl: 1.8 | lr: 2.98e-04 | dt: 487ms | tok/s: 268,949
E07 step 001260/024600 (5.1%) | loss: 0.5993 | ppl: 1.8 | lr: 2.98e-04 | dt: 486ms | tok/s: 269,510
E07 step 001270/024600 (5.2%) | loss: 0.6331 | ppl: 1.9 | lr: 2.98e-04 | dt: 487ms | tok/s: 268,984
E07 step 001280/024600 (5.2%) | loss: 0.5896 | ppl: 1.8 | lr: 2.98e-04 | dt: 487ms | tok/s: 269,322
E07 step 001290/024600 (5.2%) | loss: 0.5969 | ppl: 1.8 | lr: 2.98e-04 | dt: 487ms | tok/s: 269,190
E07 step 001300/024600 (5.3%) | loss: 0.5496 | ppl: 1.7 | lr: 2.98e-04 | dt: 487ms | tok/s: 268,970
E07 step 001310/024600 (5.3%) | loss: 0.5187 | ppl: 1.7 | lr: 2.98e-04 | dt: 487ms | tok/s: 269,233
Epoch   8 | Step   1312 | Val loss: 0.5185 | Val ppl: 1.68 (best)
E08 step 001320/024600 (5.4%) | loss: 0.5062 | ppl: 1.7 | lr: 2.98e-04 | dt: 487ms | tok/s: 269,093
E08 step 001330/024600 (5.4%) | loss: 0.4900 | ppl: 1.6 | lr: 2.98e-04 | dt: 487ms | tok/s: 269,153
E08 step 001340/024600 (5.4%) | loss: 0.5159 | ppl: 1.7 | lr: 2.98e-04 | dt: 488ms | tok/s: 268,655
E08 step 001350/024600 (5.5%) | loss: 0.5232 | ppl: 1.7 | lr: 2.98e-04 | dt: 486ms | tok/s: 269,433
E08 step 001360/024600 (5.5%) | loss: 0.5450 | ppl: 1.7 | lr: 2.98e-04 | dt: 488ms | tok/s: 268,832
E08 step 001370/024600 (5.6%) | loss: 0.5498 | ppl: 1.7 | lr: 2.98e-04 | dt: 487ms | tok/s: 268,866
E08 step 001380/024600 (5.6%) | loss: 0.5110 | ppl: 1.7 | lr: 2.98e-04 | dt: 487ms | tok/s: 269,195
E08 step 001390/024600 (5.7%) | loss: 0.5942 | ppl: 1.8 | lr: 2.98e-04 | dt: 487ms | tok/s: 268,998
E08 step 001400/024600 (5.7%) | loss: 0.5818 | ppl: 1.8 | lr: 2.98e-04 | dt: 487ms | tok/s: 269,394
E08 step 001410/024600 (5.7%) | loss: 0.5552 | ppl: 1.7 | lr: 2.98e-04 | dt: 487ms | tok/s: 269,030
E08 step 001420/024600 (5.8%) | loss: 0.5458 | ppl: 1.7 | lr: 2.98e-04 | dt: 488ms | tok/s: 268,714
E08 step 001430/024600 (5.8%) | loss: 0.5403 | ppl: 1.7 | lr: 2.98e-04 | dt: 486ms | tok/s: 269,690
E08 step 001440/024600 (5.9%) | loss: 0.5104 | ppl: 1.7 | lr: 2.98e-04 | dt: 487ms | tok/s: 269,151
E08 step 001450/024600 (5.9%) | loss: 0.4892 | ppl: 1.6 | lr: 2.98e-04 | dt: 488ms | tok/s: 268,758
E08 step 001460/024600 (5.9%) | loss: 0.4729 | ppl: 1.6 | lr: 2.98e-04 | dt: 487ms | tok/s: 268,923
E08 step 001470/024600 (6.0%) | loss: 0.5101 | ppl: 1.7 | lr: 2.98e-04 | dt: 487ms | tok/s: 269,041
Epoch   9 | Step   1476 | Val loss: 0.5125 | Val ppl: 1.67 (best)
E09 step 001480/024600 (6.0%) | loss: 0.4833 | ppl: 1.6 | lr: 2.98e-04 | dt: 487ms | tok/s: 269,126
E09 step 001490/024600 (6.1%) | loss: 0.5058 | ppl: 1.7 | lr: 2.98e-04 | dt: 486ms | tok/s: 269,950
E09 step 001500/024600 (6.1%) | loss: 0.5047 | ppl: 1.7 | lr: 2.98e-04 | dt: 487ms | tok/s: 269,283
E09 step 001510/024600 (6.1%) | loss: 0.4821 | ppl: 1.6 | lr: 2.98e-04 | dt: 486ms | tok/s: 269,728
E09 step 001520/024600 (6.2%) | loss: 0.4586 | ppl: 1.6 | lr: 2.97e-04 | dt: 487ms | tok/s: 269,208
E09 step 001530/024600 (6.2%) | loss: 0.5526 | ppl: 1.7 | lr: 2.97e-04 | dt: 487ms | tok/s: 269,177
E09 step 001540/024600 (6.3%) | loss: 0.5135 | ppl: 1.7 | lr: 2.97e-04 | dt: 487ms | tok/s: 269,143
E09 step 001550/024600 (6.3%) | loss: 0.5362 | ppl: 1.7 | lr: 2.97e-04 | dt: 488ms | tok/s: 268,843
E09 step 001560/024600 (6.3%) | loss: 0.4729 | ppl: 1.6 | lr: 2.97e-04 | dt: 487ms | tok/s: 269,283
E09 step 001570/024600 (6.4%) | loss: 0.4836 | ppl: 1.6 | lr: 2.97e-04 | dt: 488ms | tok/s: 268,810
E09 step 001580/024600 (6.4%) | loss: 0.5504 | ppl: 1.7 | lr: 2.97e-04 | dt: 486ms | tok/s: 269,535
E09 step 001590/024600 (6.5%) | loss: 0.5460 | ppl: 1.7 | lr: 2.97e-04 | dt: 488ms | tok/s: 268,789
E09 step 001600/024600 (6.5%) | loss: 0.5331 | ppl: 1.7 | lr: 2.97e-04 | dt: 488ms | tok/s: 268,834
E09 step 001610/024600 (6.5%) | loss: 0.5685 | ppl: 1.8 | lr: 2.97e-04 | dt: 487ms | tok/s: 269,033
E09 step 001620/024600 (6.6%) | loss: 0.5311 | ppl: 1.7 | lr: 2.97e-04 | dt: 488ms | tok/s: 268,804
E09 step 001630/024600 (6.6%) | loss: 0.5515 | ppl: 1.7 | lr: 2.97e-04 | dt: 487ms | tok/s: 269,043
Epoch  10 | Step   1640 | Val loss: 0.4887 | Val ppl: 1.63 (best)
E10 step 001640/024600 (6.7%) | loss: 0.5041 | ppl: 1.7 | lr: 2.97e-04 | dt: 495ms | tok/s: 264,783
E10 step 001650/024600 (6.7%) | loss: 0.5592 | ppl: 1.7 | lr: 2.97e-04 | dt: 488ms | tok/s: 268,622
E10 step 001660/024600 (6.7%) | loss: 0.5282 | ppl: 1.7 | lr: 2.97e-04 | dt: 486ms | tok/s: 269,789
E10 step 001670/024600 (6.8%) | loss: 0.4695 | ppl: 1.6 | lr: 2.97e-04 | dt: 487ms | tok/s: 269,009
E10 step 001680/024600 (6.8%) | loss: 0.4838 | ppl: 1.6 | lr: 2.97e-04 | dt: 486ms | tok/s: 269,426
E10 step 001690/024600 (6.9%) | loss: 0.4597 | ppl: 1.6 | lr: 2.97e-04 | dt: 487ms | tok/s: 269,078
E10 step 001700/024600 (6.9%) | loss: 0.5032 | ppl: 1.7 | lr: 2.97e-04 | dt: 488ms | tok/s: 268,751
E10 step 001710/024600 (7.0%) | loss: 0.4993 | ppl: 1.6 | lr: 2.97e-04 | dt: 487ms | tok/s: 269,256
E10 step 001720/024600 (7.0%) | loss: 0.5087 | ppl: 1.7 | lr: 2.97e-04 | dt: 487ms | tok/s: 268,961
E10 step 001730/024600 (7.0%) | loss: 0.5282 | ppl: 1.7 | lr: 2.97e-04 | dt: 487ms | tok/s: 268,957
E10 step 001740/024600 (7.1%) | loss: 0.5056 | ppl: 1.7 | lr: 2.97e-04 | dt: 487ms | tok/s: 269,061
E10 step 001750/024600 (7.1%) | loss: 0.5176 | ppl: 1.7 | lr: 2.97e-04 | dt: 487ms | tok/s: 269,170
E10 step 001760/024600 (7.2%) | loss: 0.5294 | ppl: 1.7 | lr: 2.97e-04 | dt: 487ms | tok/s: 269,001
E10 step 001770/024600 (7.2%) | loss: 0.4837 | ppl: 1.6 | lr: 2.97e-04 | dt: 487ms | tok/s: 269,197
E10 step 001780/024600 (7.2%) | loss: 0.5570 | ppl: 1.7 | lr: 2.97e-04 | dt: 488ms | tok/s: 268,771
E10 step 001790/024600 (7.3%) | loss: 0.5233 | ppl: 1.7 | lr: 2.97e-04 | dt: 487ms | tok/s: 269,232
E10 step 001800/024600 (7.3%) | loss: 0.4895 | ppl: 1.6 | lr: 2.96e-04 | dt: 487ms | tok/s: 268,900
Epoch  11 | Step   1804 | Val loss: 0.4774 | Val ppl: 1.61 (best)
E11 step 001810/024600 (7.4%) | loss: 0.4949 | ppl: 1.6 | lr: 2.96e-04 | dt: 487ms | tok/s: 269,366
E11 step 001820/024600 (7.4%) | loss: 0.4766 | ppl: 1.6 | lr: 2.96e-04 | dt: 486ms | tok/s: 269,470
E11 step 001830/024600 (7.4%) | loss: 0.5079 | ppl: 1.7 | lr: 2.96e-04 | dt: 487ms | tok/s: 268,957
E11 step 001840/024600 (7.5%) | loss: 0.4761 | ppl: 1.6 | lr: 2.96e-04 | dt: 487ms | tok/s: 269,230
E11 step 001850/024600 (7.5%) | loss: 0.5052 | ppl: 1.7 | lr: 2.96e-04 | dt: 487ms | tok/s: 269,278
E11 step 001860/024600 (7.6%) | loss: 0.4904 | ppl: 1.6 | lr: 2.96e-04 | dt: 487ms | tok/s: 269,312
E11 step 001870/024600 (7.6%) | loss: 0.5139 | ppl: 1.7 | lr: 2.96e-04 | dt: 488ms | tok/s: 268,812
E11 step 001880/024600 (7.6%) | loss: 0.4923 | ppl: 1.6 | lr: 2.96e-04 | dt: 487ms | tok/s: 268,936
E11 step 001890/024600 (7.7%) | loss: 0.4763 | ppl: 1.6 | lr: 2.96e-04 | dt: 487ms | tok/s: 269,057
E11 step 001900/024600 (7.7%) | loss: 0.4940 | ppl: 1.6 | lr: 2.96e-04 | dt: 487ms | tok/s: 269,274
E11 step 001910/024600 (7.8%) | loss: 0.5183 | ppl: 1.7 | lr: 2.96e-04 | dt: 487ms | tok/s: 269,190
E11 step 001920/024600 (7.8%) | loss: 0.5084 | ppl: 1.7 | lr: 2.96e-04 | dt: 487ms | tok/s: 269,284
E11 step 001930/024600 (7.8%) | loss: 0.4552 | ppl: 1.6 | lr: 2.96e-04 | dt: 487ms | tok/s: 269,053
E11 step 001940/024600 (7.9%) | loss: 0.4582 | ppl: 1.6 | lr: 2.96e-04 | dt: 486ms | tok/s: 269,433
E11 step 001950/024600 (7.9%) | loss: 0.5722 | ppl: 1.8 | lr: 2.96e-04 | dt: 487ms | tok/s: 268,907
E11 step 001960/024600 (8.0%) | loss: 0.5198 | ppl: 1.7 | lr: 2.96e-04 | dt: 488ms | tok/s: 268,823
Epoch  12 | Step   1968 | Val loss: 0.4698 | Val ppl: 1.60 (best)
E12 step 001970/024600 (8.0%) | loss: 0.4572 | ppl: 1.6 | lr: 2.96e-04 | dt: 486ms | tok/s: 269,966
E12 step 001980/024600 (8.0%) | loss: 0.5156 | ppl: 1.7 | lr: 2.96e-04 | dt: 486ms | tok/s: 269,786
E12 step 001990/024600 (8.1%) | loss: 0.4469 | ppl: 1.6 | lr: 2.96e-04 | dt: 486ms | tok/s: 269,629
E12 step 002000/024600 (8.1%) | loss: 0.4600 | ppl: 1.6 | lr: 2.96e-04 | dt: 486ms | tok/s: 269,838
E12 step 002010/024600 (8.2%) | loss: 0.4935 | ppl: 1.6 | lr: 2.96e-04 | dt: 487ms | tok/s: 269,409
E12 step 002020/024600 (8.2%) | loss: 0.4799 | ppl: 1.6 | lr: 2.96e-04 | dt: 486ms | tok/s: 269,547
E12 step 002030/024600 (8.3%) | loss: 0.4809 | ppl: 1.6 | lr: 2.96e-04 | dt: 488ms | tok/s: 268,817
E12 step 002040/024600 (8.3%) | loss: 0.5146 | ppl: 1.7 | lr: 2.95e-04 | dt: 486ms | tok/s: 269,858
E12 step 002050/024600 (8.3%) | loss: 0.5354 | ppl: 1.7 | lr: 2.95e-04 | dt: 487ms | tok/s: 269,348
E12 step 002060/024600 (8.4%) | loss: 0.4996 | ppl: 1.6 | lr: 2.95e-04 | dt: 486ms | tok/s: 269,518
E12 step 002070/024600 (8.4%) | loss: 0.5084 | ppl: 1.7 | lr: 2.95e-04 | dt: 487ms | tok/s: 269,122
E12 step 002080/024600 (8.5%) | loss: 0.5753 | ppl: 1.8 | lr: 2.95e-04 | dt: 487ms | tok/s: 269,297
E12 step 002090/024600 (8.5%) | loss: 0.5266 | ppl: 1.7 | lr: 2.95e-04 | dt: 487ms | tok/s: 269,295
E12 step 002100/024600 (8.5%) | loss: 0.5103 | ppl: 1.7 | lr: 2.95e-04 | dt: 487ms | tok/s: 269,163
E12 step 002110/024600 (8.6%) | loss: 0.4888 | ppl: 1.6 | lr: 2.95e-04 | dt: 486ms | tok/s: 269,529
E12 step 002120/024600 (8.6%) | loss: 0.5092 | ppl: 1.7 | lr: 2.95e-04 | dt: 487ms | tok/s: 269,004
E12 step 002130/024600 (8.7%) | loss: 0.5102 | ppl: 1.7 | lr: 2.95e-04 | dt: 486ms | tok/s: 269,659
Epoch  13 | Step   2132 | Val loss: 0.4610 | Val ppl: 1.59 (best)
E13 step 002140/024600 (8.7%) | loss: 0.4415 | ppl: 1.6 | lr: 2.95e-04 | dt: 487ms | tok/s: 268,885
E13 step 002150/024600 (8.7%) | loss: 0.4670 | ppl: 1.6 | lr: 2.95e-04 | dt: 487ms | tok/s: 269,106
E13 step 002160/024600 (8.8%) | loss: 0.4431 | ppl: 1.6 | lr: 2.95e-04 | dt: 487ms | tok/s: 268,935
E13 step 002170/024600 (8.8%) | loss: 0.4660 | ppl: 1.6 | lr: 2.95e-04 | dt: 486ms | tok/s: 269,516
E13 step 002180/024600 (8.9%) | loss: 0.4921 | ppl: 1.6 | lr: 2.95e-04 | dt: 487ms | tok/s: 269,150
E13 step 002190/024600 (8.9%) | loss: 0.4934 | ppl: 1.6 | lr: 2.95e-04 | dt: 486ms | tok/s: 269,535
E13 step 002200/024600 (8.9%) | loss: 0.4836 | ppl: 1.6 | lr: 2.95e-04 | dt: 487ms | tok/s: 269,227
E13 step 002210/024600 (9.0%) | loss: 0.4658 | ppl: 1.6 | lr: 2.95e-04 | dt: 487ms | tok/s: 268,962
E13 step 002220/024600 (9.0%) | loss: 0.5015 | ppl: 1.7 | lr: 2.95e-04 | dt: 487ms | tok/s: 269,216
E13 step 002230/024600 (9.1%) | loss: 0.4821 | ppl: 1.6 | lr: 2.95e-04 | dt: 487ms | tok/s: 269,125
E13 step 002240/024600 (9.1%) | loss: 0.4367 | ppl: 1.5 | lr: 2.95e-04 | dt: 486ms | tok/s: 269,627
E13 step 002250/024600 (9.1%) | loss: 0.4317 | ppl: 1.5 | lr: 2.95e-04 | dt: 487ms | tok/s: 269,167
E13 step 002260/024600 (9.2%) | loss: 0.4053 | ppl: 1.5 | lr: 2.94e-04 | dt: 486ms | tok/s: 269,527
E13 step 002270/024600 (9.2%) | loss: 0.4596 | ppl: 1.6 | lr: 2.94e-04 | dt: 488ms | tok/s: 268,684
E13 step 002280/024600 (9.3%) | loss: 0.4978 | ppl: 1.6 | lr: 2.94e-04 | dt: 487ms | tok/s: 269,003
E13 step 002290/024600 (9.3%) | loss: 0.4666 | ppl: 1.6 | lr: 2.94e-04 | dt: 487ms | tok/s: 269,100
Epoch  14 | Step   2296 | Val loss: 0.4550 | Val ppl: 1.58 (best)
E14 step 002300/024600 (9.3%) | loss: 0.4761 | ppl: 1.6 | lr: 2.94e-04 | dt: 487ms | tok/s: 269,384
E14 step 002310/024600 (9.4%) | loss: 0.4496 | ppl: 1.6 | lr: 2.94e-04 | dt: 487ms | tok/s: 269,411
E14 step 002320/024600 (9.4%) | loss: 0.4935 | ppl: 1.6 | lr: 2.94e-04 | dt: 487ms | tok/s: 269,004
E14 step 002330/024600 (9.5%) | loss: 0.5074 | ppl: 1.7 | lr: 2.94e-04 | dt: 487ms | tok/s: 269,289
E14 step 002340/024600 (9.5%) | loss: 0.4942 | ppl: 1.6 | lr: 2.94e-04 | dt: 486ms | tok/s: 269,419
E14 step 002350/024600 (9.6%) | loss: 0.4545 | ppl: 1.6 | lr: 2.94e-04 | dt: 487ms | tok/s: 269,392
E14 step 002360/024600 (9.6%) | loss: 0.4504 | ppl: 1.6 | lr: 2.94e-04 | dt: 488ms | tok/s: 268,766
E14 step 002370/024600 (9.6%) | loss: 0.4304 | ppl: 1.5 | lr: 2.94e-04 | dt: 486ms | tok/s: 269,475
E14 step 002380/024600 (9.7%) | loss: 0.4417 | ppl: 1.6 | lr: 2.94e-04 | dt: 487ms | tok/s: 269,315
E14 step 002390/024600 (9.7%) | loss: 0.4267 | ppl: 1.5 | lr: 2.94e-04 | dt: 487ms | tok/s: 268,917
E14 step 002400/024600 (9.8%) | loss: 0.4475 | ppl: 1.6 | lr: 2.94e-04 | dt: 487ms | tok/s: 269,254
E14 step 002410/024600 (9.8%) | loss: 0.5203 | ppl: 1.7 | lr: 2.94e-04 | dt: 487ms | tok/s: 269,090
E14 step 002420/024600 (9.8%) | loss: 0.5127 | ppl: 1.7 | lr: 2.94e-04 | dt: 486ms | tok/s: 269,501
E14 step 002430/024600 (9.9%) | loss: 0.5249 | ppl: 1.7 | lr: 2.94e-04 | dt: 487ms | tok/s: 269,118
E14 step 002440/024600 (9.9%) | loss: 0.4505 | ppl: 1.6 | lr: 2.94e-04 | dt: 488ms | tok/s: 268,553
E14 step 002450/024600 (10.0%) | loss: 0.4246 | ppl: 1.5 | lr: 2.93e-04 | dt: 487ms | tok/s: 269,385
Epoch  15 | Step   2460 | Val loss: 0.4484 | Val ppl: 1.57 (best)
Checkpoint saved: checkpoints/eslintrc_tct_small/epoch_015.pt
E15 step 002460/024600 (10.0%) | loss: 0.4626 | ppl: 1.6 | lr: 2.93e-04 | dt: 487ms | tok/s: 269,082
E15 step 002470/024600 (10.0%) | loss: 0.4571 | ppl: 1.6 | lr: 2.93e-04 | dt: 486ms | tok/s: 269,461
E15 step 002480/024600 (10.1%) | loss: 0.4268 | ppl: 1.5 | lr: 2.93e-04 | dt: 486ms | tok/s: 269,545
E15 step 002490/024600 (10.1%) | loss: 0.4483 | ppl: 1.6 | lr: 2.93e-04 | dt: 485ms | tok/s: 270,000
E15 step 002500/024600 (10.2%) | loss: 0.4241 | ppl: 1.5 | lr: 2.93e-04 | dt: 487ms | tok/s: 269,016
E15 step 002510/024600 (10.2%) | loss: 0.4742 | ppl: 1.6 | lr: 2.93e-04 | dt: 487ms | tok/s: 269,064
E15 step 002520/024600 (10.2%) | loss: 0.4893 | ppl: 1.6 | lr: 2.93e-04 | dt: 487ms | tok/s: 269,103
E15 step 002530/024600 (10.3%) | loss: 0.4882 | ppl: 1.6 | lr: 2.93e-04 | dt: 487ms | tok/s: 269,389
E15 step 002540/024600 (10.3%) | loss: 0.4787 | ppl: 1.6 | lr: 2.93e-04 | dt: 487ms | tok/s: 269,254
E15 step 002550/024600 (10.4%) | loss: 0.4689 | ppl: 1.6 | lr: 2.93e-04 | dt: 487ms | tok/s: 268,976
E15 step 002560/024600 (10.4%) | loss: 0.4971 | ppl: 1.6 | lr: 2.93e-04 | dt: 487ms | tok/s: 268,968
E15 step 002570/024600 (10.4%) | loss: 0.4304 | ppl: 1.5 | lr: 2.93e-04 | dt: 486ms | tok/s: 269,537
E15 step 002580/024600 (10.5%) | loss: 0.4424 | ppl: 1.6 | lr: 2.93e-04 | dt: 487ms | tok/s: 269,056
E15 step 002590/024600 (10.5%) | loss: 0.4472 | ppl: 1.6 | lr: 2.93e-04 | dt: 487ms | tok/s: 269,160
E15 step 002600/024600 (10.6%) | loss: 0.4421 | ppl: 1.6 | lr: 2.93e-04 | dt: 486ms | tok/s: 269,463
E15 step 002610/024600 (10.6%) | loss: 0.4416 | ppl: 1.6 | lr: 2.93e-04 | dt: 487ms | tok/s: 269,227
E15 step 002620/024600 (10.7%) | loss: 0.4566 | ppl: 1.6 | lr: 2.93e-04 | dt: 487ms | tok/s: 268,938
Epoch  16 | Step   2624 | Val loss: 0.4415 | Val ppl: 1.55 (best)
E16 step 002630/024600 (10.7%) | loss: 0.4053 | ppl: 1.5 | lr: 2.92e-04 | dt: 486ms | tok/s: 269,790
E16 step 002640/024600 (10.7%) | loss: 0.4302 | ppl: 1.5 | lr: 2.92e-04 | dt: 487ms | tok/s: 269,175
E16 step 002650/024600 (10.8%) | loss: 0.4140 | ppl: 1.5 | lr: 2.92e-04 | dt: 487ms | tok/s: 269,050
E16 step 002660/024600 (10.8%) | loss: 0.4974 | ppl: 1.6 | lr: 2.92e-04 | dt: 487ms | tok/s: 269,243
E16 step 002670/024600 (10.9%) | loss: 0.5027 | ppl: 1.7 | lr: 2.92e-04 | dt: 487ms | tok/s: 269,369
E16 step 002680/024600 (10.9%) | loss: 0.4544 | ppl: 1.6 | lr: 2.92e-04 | dt: 486ms | tok/s: 269,593
E16 step 002690/024600 (10.9%) | loss: 0.4549 | ppl: 1.6 | lr: 2.92e-04 | dt: 488ms | tok/s: 268,816
E16 step 002700/024600 (11.0%) | loss: 0.4091 | ppl: 1.5 | lr: 2.92e-04 | dt: 487ms | tok/s: 269,045
E16 step 002710/024600 (11.0%) | loss: 0.4312 | ppl: 1.5 | lr: 2.92e-04 | dt: 486ms | tok/s: 269,460
E16 step 002720/024600 (11.1%) | loss: 0.4236 | ppl: 1.5 | lr: 2.92e-04 | dt: 487ms | tok/s: 268,897
E16 step 002730/024600 (11.1%) | loss: 0.4033 | ppl: 1.5 | lr: 2.92e-04 | dt: 488ms | tok/s: 268,770
E16 step 002740/024600 (11.1%) | loss: 0.4420 | ppl: 1.6 | lr: 2.92e-04 | dt: 487ms | tok/s: 269,261
E16 step 002750/024600 (11.2%) | loss: 0.4137 | ppl: 1.5 | lr: 2.92e-04 | dt: 488ms | tok/s: 268,792
E16 step 002760/024600 (11.2%) | loss: 0.4664 | ppl: 1.6 | lr: 2.92e-04 | dt: 487ms | tok/s: 269,268
E16 step 002770/024600 (11.3%) | loss: 0.4548 | ppl: 1.6 | lr: 2.92e-04 | dt: 487ms | tok/s: 269,360
E16 step 002780/024600 (11.3%) | loss: 0.4463 | ppl: 1.6 | lr: 2.92e-04 | dt: 488ms | tok/s: 268,647
Epoch  17 | Step   2788 | Val loss: 0.4374 | Val ppl: 1.55 (best)
E17 step 002790/024600 (11.3%) | loss: 0.4479 | ppl: 1.6 | lr: 2.92e-04 | dt: 486ms | tok/s: 269,779
E17 step 002800/024600 (11.4%) | loss: 0.4727 | ppl: 1.6 | lr: 2.92e-04 | dt: 486ms | tok/s: 269,629
E17 step 002810/024600 (11.4%) | loss: 0.4641 | ppl: 1.6 | lr: 2.91e-04 | dt: 487ms | tok/s: 269,096
E17 step 002820/024600 (11.5%) | loss: 0.4247 | ppl: 1.5 | lr: 2.91e-04 | dt: 487ms | tok/s: 269,230
E17 step 002830/024600 (11.5%) | loss: 0.4074 | ppl: 1.5 | lr: 2.91e-04 | dt: 486ms | tok/s: 269,692
E17 step 002840/024600 (11.5%) | loss: 0.4609 | ppl: 1.6 | lr: 2.91e-04 | dt: 487ms | tok/s: 269,416
E17 step 002850/024600 (11.6%) | loss: 0.4009 | ppl: 1.5 | lr: 2.91e-04 | dt: 487ms | tok/s: 269,336
E17 step 002860/024600 (11.6%) | loss: 0.4798 | ppl: 1.6 | lr: 2.91e-04 | dt: 487ms | tok/s: 269,315
E17 step 002870/024600 (11.7%) | loss: 0.4483 | ppl: 1.6 | lr: 2.91e-04 | dt: 486ms | tok/s: 269,552
E17 step 002880/024600 (11.7%) | loss: 0.4183 | ppl: 1.5 | lr: 2.91e-04 | dt: 488ms | tok/s: 268,807