### Starting TaskPrologue of job 3254689 on a0429 at Sat Dec 27 17:44:13 CET 2025
Running on cores 96-111 with governor ondemand
Sat Dec 27 17:44:13 2025       
+-----------------------------------------------------------------------------------------+
| NVIDIA-SMI 580.105.08             Driver Version: 580.105.08     CUDA Version: 13.0     |
+-----------------------------------------+------------------------+----------------------+
| GPU  Name                 Persistence-M | Bus-Id          Disp.A | Volatile Uncorr. ECC |
| Fan  Temp   Perf          Pwr:Usage/Cap |           Memory-Usage | GPU-Util  Compute M. |
|                                         |                        |               MIG M. |
|=========================================+========================+======================|
|   0  NVIDIA A40                     On  |   00000000:E1:00.0 Off |                  Off |
|  0%   36C    P8             30W /  300W |       0MiB /  49140MiB |      0%      Default |
|                                         |                        |                  N/A |
+-----------------------------------------+------------------------+----------------------+

+-----------------------------------------------------------------------------------------+
| Processes:                                                                              |
|  GPU   GI   CI              PID   Type   Process name                        GPU Memory |
|        ID   ID                                                               Usage      |
|=========================================================================================|
|  No running processes found                                                             |
+-----------------------------------------------------------------------------------------+
### Finished TaskPrologue

============================================================
TCT Training Job
============================================================
Job ID:     3254689
Node:       a0429
GPU:        a40 (a40)
Start:      Sat Dec 27 17:44:16 CET 2025
============================================================

Python 3.12 module not available, using conda
Python:  Python 3.12.12
PyTorch: 2.9.1+cu128
CUDA:    12.8
GPU:     NVIDIA A40

Starting training: kubernetes small


============================================================
Job completed at Sat Dec 27 17:44:26 CET 2025
============================================================
=== JOB_STATISTICS ===
=== current date     : Sat Dec 27 17:44:32 CET 2025
= Job-ID             : 3254689 on alex
= Job-Name           : tct_kubernetes_small
= Job-Command        : /tmp/tct_job_3W5yIk.sh
= Initial workdir    : /home/hpc/iwia/iwia104h/jonas/nanochat-tct
= Queue/Partition    : a40
= Slurm account      : iwia with QOS=normal
= Requested resources:  for 1-00:00:00
= Elapsed runtime    : 00:00:21
= Total RAM usage    : 0.8 GiB of assigned  GiB (%)
= Node list          : a0429
= Subm/Elig/Start/End: 2025-12-27T17:44:04 / 2025-12-27T17:44:04 / 2025-12-27T17:44:05 / 2025-12-27T17:44:26
======================
=== Quota infos ======
    Path              Used     SoftQ    HardQ    Gracetime  Filec    FileQ    FiHaQ    FileGrace    
    /home/woody          8.7G  1000.0G  1500.0G        N/A  41,680    5,000K   7,500K        N/A    
    /home/hpc           25.0G   104.9G   209.7G        N/A  31,050      500K   1,000K        N/A    
    /home/vault          0.0K  1048.6G  2097.2G        N/A       1      200K     400K        N/A    
======================
=== GPU utilization ==
gpu_name, gpu_bus_id, pid, gpu_utilization [%], mem_utilization [%], max_memory_usage [MiB], time [ms]
