### Starting TaskPrologue of job 3254701 on a0324 at Sat Dec 27 18:00:16 CET 2025
Running on cores 80-95 with governor ondemand
Sat Dec 27 18:00:16 2025       
+-----------------------------------------------------------------------------------------+
| NVIDIA-SMI 580.105.08             Driver Version: 580.105.08     CUDA Version: 13.0     |
+-----------------------------------------+------------------------+----------------------+
| GPU  Name                 Persistence-M | Bus-Id          Disp.A | Volatile Uncorr. ECC |
| Fan  Temp   Perf          Pwr:Usage/Cap |           Memory-Usage | GPU-Util  Compute M. |
|                                         |                        |               MIG M. |
|=========================================+========================+======================|
|   0  NVIDIA A40                     On  |   00000000:A1:00.0 Off |                  Off |
|  0%   34C    P8             22W /  300W |       0MiB /  49140MiB |      0%      Default |
|                                         |                        |                  N/A |
+-----------------------------------------+------------------------+----------------------+

+-----------------------------------------------------------------------------------------+
| Processes:                                                                              |
|  GPU   GI   CI              PID   Type   Process name                        GPU Memory |
|        ID   ID                                                               Usage      |
|=========================================================================================|
|  No running processes found                                                             |
+-----------------------------------------------------------------------------------------+
### Finished TaskPrologue

============================================================
TCT Training Job
============================================================
Job ID:     3254701
Node:       a0324
GPU:        a40 (a40)
Start:      Sat Dec 27 18:00:18 CET 2025
============================================================

Python 3.12 module not available, using conda
Python:  Python 3.12.12
PyTorch: 2.9.1+cu128
CUDA:    12.8
GPU:     NVIDIA A40

Starting training: tsconfig

GPU: NVIDIA A40 (49GB) - batch sizes auto-scaled
============================================================
TCT Experiments
============================================================
Date: Sat Dec 27 18:00:24 CET 2025
GPU: NVIDIA A40 (49GB)
Data: /home/hpc/iwia/iwia104h/jonas/nanochat-tct/../data
Schemas: tsconfig
Sizes: small medium large
Tokenizers: tct utf8
============================================================

============================================================
tsconfig (50 epochs)
============================================================
[START] tsconfig_tct_small at Sat Dec 27 18:00:24 CET 2025
2025-12-27 18:00:28,598 - nanochat.common - [32m[1mINFO[0m - Distributed world size: 1

                                                       █████                █████
                                                      ░░███                ░░███
     ████████    ██████   ████████    ██████   ██████  ░███████    ██████  ███████
    ░░███░░███  ░░░░░███ ░░███░░███  ███░░███ ███░░███ ░███░░███  ░░░░░███░░░███░
     ░███ ░███   ███████  ░███ ░███ ░███ ░███░███ ░░░  ░███ ░███   ███████  ░███
     ░███ ░███  ███░░███  ░███ ░███ ░███ ░███░███  ███ ░███ ░███  ███░░███  ░███ ███
     ████ █████░░████████ ████ █████░░██████ ░░██████  ████ █████░░███████  ░░█████
    ░░░░ ░░░░░  ░░░░░░░░ ░░░░ ░░░░░  ░░░░░░   ░░░░░░  ░░░░ ░░░░░  ░░░░░░░░   ░░░░░
    
Overriding: schema = tsconfig
Overriding: tokenizer = tct
Overriding: model_size = small
Overriding: data_root = /home/hpc/iwia/iwia104h/jonas/nanochat-tct/../data
Autodetected device type: cuda
================================================================================
EXPERIMENT: tsconfig / tct-BPE / small
================================================================================
Schema: tsconfig
Tokenizer: tct-BPE
Data path: /home/hpc/iwia/iwia104h/jonas/nanochat-tct/../data/tsconfig-tct-base
Vocab size: 258
Context size: 2048
Model size: small (32,781,312 params)
Dropout: 0.0

Batch size: 16
Gradient accumulation: 4
Effective batch size: 64
Learning rate: 0.0003 (cosine decay to 3.0e-05)

Epochs: 100
Steps per epoch: 892
Total steps: 89200
Warmup steps: 44
Save interval: every 8920 steps (10%)

Number of parameters: 31,721,472

Initializing dataloaders...
Dataset: tsconfig-tct-base
  Split: train (337,991 sequences)
  Vocab: 258
  Loaded 100,000 lines...
  Loaded 200,000 lines...
  Loaded 300,000 lines...
Loaded 337,991 sequences
  Average length: 328.1 tokens
  Truncate (>2048): 1,709 (0.5%)
  Pad (<2048): 336,281 (99.5%)
First batch shape: x=torch.Size([16, 2048]), y=torch.Size([16, 2048])

================================================================================
STARTING TRAINING
================================================================================

E00 step 000000/089200 (0.0%) | loss: 5.5530 | ppl: 258.0 | lr: 6.82e-06 | dt: 19633ms | tok/s: 6,676
E00 step 000010/089200 (0.0%) | loss: 5.4409 | ppl: 230.7 | lr: 7.50e-05 | dt: 476ms | tok/s: 275,334
E00 step 000020/089200 (0.0%) | loss: 5.0175 | ppl: 151.0 | lr: 1.43e-04 | dt: 478ms | tok/s: 274,047
E00 step 000030/089200 (0.0%) | loss: 4.3609 | ppl: 78.3 | lr: 2.11e-04 | dt: 480ms | tok/s: 273,351
E00 step 000040/089200 (0.0%) | loss: 3.8231 | ppl: 45.7 | lr: 2.80e-04 | dt: 480ms | tok/s: 273,034
E00 step 000050/089200 (0.1%) | loss: 3.4267 | ppl: 30.8 | lr: 3.00e-04 | dt: 481ms | tok/s: 272,491
E00 step 000060/089200 (0.1%) | loss: 3.0734 | ppl: 21.6 | lr: 3.00e-04 | dt: 482ms | tok/s: 271,892
E00 step 000070/089200 (0.1%) | loss: 2.7538 | ppl: 15.7 | lr: 3.00e-04 | dt: 484ms | tok/s: 270,874
E00 step 000080/089200 (0.1%) | loss: 2.5060 | ppl: 12.3 | lr: 3.00e-04 | dt: 485ms | tok/s: 270,197
E00 step 000090/089200 (0.1%) | loss: 2.2776 | ppl: 9.8 | lr: 3.00e-04 | dt: 486ms | tok/s: 269,506
E00 step 000100/089200 (0.1%) | loss: 2.0402 | ppl: 7.7 | lr: 3.00e-04 | dt: 487ms | tok/s: 268,998
E00 step 000110/089200 (0.1%) | loss: 1.6961 | ppl: 5.5 | lr: 3.00e-04 | dt: 487ms | tok/s: 268,931
E00 step 000120/089200 (0.1%) | loss: 1.3680 | ppl: 3.9 | lr: 3.00e-04 | dt: 487ms | tok/s: 268,998
E00 step 000130/089200 (0.1%) | loss: 1.1604 | ppl: 3.2 | lr: 3.00e-04 | dt: 489ms | tok/s: 268,273
E00 step 000140/089200 (0.2%) | loss: 0.9622 | ppl: 2.6 | lr: 3.00e-04 | dt: 489ms | tok/s: 268,285
E00 step 000150/089200 (0.2%) | loss: 0.9466 | ppl: 2.6 | lr: 3.00e-04 | dt: 490ms | tok/s: 267,685
E00 step 000160/089200 (0.2%) | loss: 0.7968 | ppl: 2.2 | lr: 3.00e-04 | dt: 489ms | tok/s: 268,010
E00 step 000170/089200 (0.2%) | loss: 0.8488 | ppl: 2.3 | lr: 3.00e-04 | dt: 491ms | tok/s: 266,830
E00 step 000180/089200 (0.2%) | loss: 0.7766 | ppl: 2.2 | lr: 3.00e-04 | dt: 491ms | tok/s: 266,873
E00 step 000190/089200 (0.2%) | loss: 0.6040 | ppl: 1.8 | lr: 3.00e-04 | dt: 490ms | tok/s: 267,338
E00 step 000200/089200 (0.2%) | loss: 0.5951 | ppl: 1.8 | lr: 3.00e-04 | dt: 491ms | tok/s: 267,080
E00 step 000210/089200 (0.2%) | loss: 0.5601 | ppl: 1.8 | lr: 3.00e-04 | dt: 490ms | tok/s: 267,246
E00 step 000220/089200 (0.2%) | loss: 0.5806 | ppl: 1.8 | lr: 3.00e-04 | dt: 491ms | tok/s: 266,732
E00 step 000230/089200 (0.3%) | loss: 0.5183 | ppl: 1.7 | lr: 3.00e-04 | dt: 492ms | tok/s: 266,660
E00 step 000240/089200 (0.3%) | loss: 0.5035 | ppl: 1.7 | lr: 3.00e-04 | dt: 491ms | tok/s: 267,137
E00 step 000250/089200 (0.3%) | loss: 0.5119 | ppl: 1.7 | lr: 3.00e-04 | dt: 491ms | tok/s: 267,057
E00 step 000260/089200 (0.3%) | loss: 0.5187 | ppl: 1.7 | lr: 3.00e-04 | dt: 491ms | tok/s: 266,814
E00 step 000270/089200 (0.3%) | loss: 0.4381 | ppl: 1.5 | lr: 3.00e-04 | dt: 492ms | tok/s: 266,585
E00 step 000280/089200 (0.3%) | loss: 0.6050 | ppl: 1.8 | lr: 3.00e-04 | dt: 491ms | tok/s: 266,822
E00 step 000290/089200 (0.3%) | loss: 0.5134 | ppl: 1.7 | lr: 3.00e-04 | dt: 491ms | tok/s: 267,034
E00 step 000300/089200 (0.3%) | loss: 0.4939 | ppl: 1.6 | lr: 3.00e-04 | dt: 491ms | tok/s: 267,116
E00 step 000310/089200 (0.3%) | loss: 0.4798 | ppl: 1.6 | lr: 3.00e-04 | dt: 491ms | tok/s: 266,744
E00 step 000320/089200 (0.4%) | loss: 0.5025 | ppl: 1.7 | lr: 3.00e-04 | dt: 491ms | tok/s: 266,996
E00 step 000330/089200 (0.4%) | loss: 0.4213 | ppl: 1.5 | lr: 3.00e-04 | dt: 491ms | tok/s: 267,155
E00 step 000340/089200 (0.4%) | loss: 0.4064 | ppl: 1.5 | lr: 3.00e-04 | dt: 492ms | tok/s: 266,637
E00 step 000350/089200 (0.4%) | loss: 0.3974 | ppl: 1.5 | lr: 3.00e-04 | dt: 491ms | tok/s: 266,806
E00 step 000360/089200 (0.4%) | loss: 0.4184 | ppl: 1.5 | lr: 3.00e-04 | dt: 491ms | tok/s: 266,884
E00 step 000370/089200 (0.4%) | loss: 0.4222 | ppl: 1.5 | lr: 3.00e-04 | dt: 492ms | tok/s: 266,501
E00 step 000380/089200 (0.4%) | loss: 0.4366 | ppl: 1.5 | lr: 3.00e-04 | dt: 491ms | tok/s: 266,726
E00 step 000390/089200 (0.4%) | loss: 0.3469 | ppl: 1.4 | lr: 3.00e-04 | dt: 491ms | tok/s: 267,116
E00 step 000400/089200 (0.4%) | loss: 0.3860 | ppl: 1.5 | lr: 3.00e-04 | dt: 492ms | tok/s: 266,549
E00 step 000410/089200 (0.5%) | loss: 0.3426 | ppl: 1.4 | lr: 3.00e-04 | dt: 492ms | tok/s: 266,653
E00 step 000420/089200 (0.5%) | loss: 0.3739 | ppl: 1.5 | lr: 3.00e-04 | dt: 491ms | tok/s: 266,766
E00 step 000430/089200 (0.5%) | loss: 0.3749 | ppl: 1.5 | lr: 3.00e-04 | dt: 491ms | tok/s: 266,841
E00 step 000440/089200 (0.5%) | loss: 0.3976 | ppl: 1.5 | lr: 3.00e-04 | dt: 491ms | tok/s: 266,736
E00 step 000450/089200 (0.5%) | loss: 0.3448 | ppl: 1.4 | lr: 3.00e-04 | dt: 492ms | tok/s: 266,573
E00 step 000460/089200 (0.5%) | loss: 0.3551 | ppl: 1.4 | lr: 3.00e-04 | dt: 491ms | tok/s: 267,047
E00 step 000470/089200 (0.5%) | loss: 0.3457 | ppl: 1.4 | lr: 3.00e-04 | dt: 491ms | tok/s: 266,954
E00 step 000480/089200 (0.5%) | loss: 0.3296 | ppl: 1.4 | lr: 3.00e-04 | dt: 491ms | tok/s: 266,732
E00 step 000490/089200 (0.5%) | loss: 0.3405 | ppl: 1.4 | lr: 3.00e-04 | dt: 491ms | tok/s: 266,699
E00 step 000500/089200 (0.6%) | loss: 0.3519 | ppl: 1.4 | lr: 3.00e-04 | dt: 492ms | tok/s: 266,608
E00 step 000510/089200 (0.6%) | loss: 0.3450 | ppl: 1.4 | lr: 3.00e-04 | dt: 491ms | tok/s: 266,903
E00 step 000520/089200 (0.6%) | loss: 0.3491 | ppl: 1.4 | lr: 3.00e-04 | dt: 491ms | tok/s: 266,832
E00 step 000530/089200 (0.6%) | loss: 0.3709 | ppl: 1.4 | lr: 3.00e-04 | dt: 492ms | tok/s: 266,571
E00 step 000540/089200 (0.6%) | loss: 0.3491 | ppl: 1.4 | lr: 3.00e-04 | dt: 491ms | tok/s: 266,736
E00 step 000550/089200 (0.6%) | loss: 0.3214 | ppl: 1.4 | lr: 3.00e-04 | dt: 492ms | tok/s: 266,367
E00 step 000560/089200 (0.6%) | loss: 0.3224 | ppl: 1.4 | lr: 3.00e-04 | dt: 492ms | tok/s: 266,420
E00 step 000570/089200 (0.6%) | loss: 0.3109 | ppl: 1.4 | lr: 3.00e-04 | dt: 492ms | tok/s: 266,331
E00 step 000580/089200 (0.7%) | loss: 0.3142 | ppl: 1.4 | lr: 3.00e-04 | dt: 491ms | tok/s: 266,852
E00 step 000590/089200 (0.7%) | loss: 0.3288 | ppl: 1.4 | lr: 3.00e-04 | dt: 491ms | tok/s: 266,833
E00 step 000600/089200 (0.7%) | loss: 0.2975 | ppl: 1.3 | lr: 3.00e-04 | dt: 491ms | tok/s: 267,117
E00 step 000610/089200 (0.7%) | loss: 0.3506 | ppl: 1.4 | lr: 3.00e-04 | dt: 491ms | tok/s: 267,086
E00 step 000620/089200 (0.7%) | loss: 0.3219 | ppl: 1.4 | lr: 3.00e-04 | dt: 492ms | tok/s: 266,487
E00 step 000630/089200 (0.7%) | loss: 0.3011 | ppl: 1.4 | lr: 3.00e-04 | dt: 492ms | tok/s: 266,447
E00 step 000640/089200 (0.7%) | loss: 0.3542 | ppl: 1.4 | lr: 3.00e-04 | dt: 491ms | tok/s: 267,081
E00 step 000650/089200 (0.7%) | loss: 0.3038 | ppl: 1.4 | lr: 3.00e-04 | dt: 491ms | tok/s: 266,889
E00 step 000660/089200 (0.7%) | loss: 0.3372 | ppl: 1.4 | lr: 3.00e-04 | dt: 491ms | tok/s: 266,987
E00 step 000670/089200 (0.8%) | loss: 0.3177 | ppl: 1.4 | lr: 3.00e-04 | dt: 491ms | tok/s: 266,716
E00 step 000680/089200 (0.8%) | loss: 0.2810 | ppl: 1.3 | lr: 3.00e-04 | dt: 491ms | tok/s: 266,914
E00 step 000690/089200 (0.8%) | loss: 0.2884 | ppl: 1.3 | lr: 3.00e-04 | dt: 491ms | tok/s: 266,969
E00 step 000700/089200 (0.8%) | loss: 0.3272 | ppl: 1.4 | lr: 3.00e-04 | dt: 491ms | tok/s: 266,708
E00 step 000710/089200 (0.8%) | loss: 0.2843 | ppl: 1.3 | lr: 3.00e-04 | dt: 492ms | tok/s: 266,481
E00 step 000720/089200 (0.8%) | loss: 0.2774 | ppl: 1.3 | lr: 3.00e-04 | dt: 491ms | tok/s: 267,100
E00 step 000730/089200 (0.8%) | loss: 0.3255 | ppl: 1.4 | lr: 3.00e-04 | dt: 492ms | tok/s: 266,649
E00 step 000740/089200 (0.8%) | loss: 0.3448 | ppl: 1.4 | lr: 3.00e-04 | dt: 491ms | tok/s: 266,741
E00 step 000750/089200 (0.8%) | loss: 0.3298 | ppl: 1.4 | lr: 3.00e-04 | dt: 491ms | tok/s: 266,922
E00 step 000760/089200 (0.9%) | loss: 0.3462 | ppl: 1.4 | lr: 3.00e-04 | dt: 491ms | tok/s: 267,145
E00 step 000770/089200 (0.9%) | loss: 0.3281 | ppl: 1.4 | lr: 3.00e-04 | dt: 491ms | tok/s: 266,751
E00 step 000780/089200 (0.9%) | loss: 0.3386 | ppl: 1.4 | lr: 3.00e-04 | dt: 492ms | tok/s: 266,601
E00 step 000790/089200 (0.9%) | loss: 0.3514 | ppl: 1.4 | lr: 3.00e-04 | dt: 491ms | tok/s: 266,807
E00 step 000800/089200 (0.9%) | loss: 0.3163 | ppl: 1.4 | lr: 3.00e-04 | dt: 491ms | tok/s: 266,794
E00 step 000810/089200 (0.9%) | loss: 0.3134 | ppl: 1.4 | lr: 3.00e-04 | dt: 491ms | tok/s: 266,905
E00 step 000820/089200 (0.9%) | loss: 0.3436 | ppl: 1.4 | lr: 3.00e-04 | dt: 492ms | tok/s: 266,431
E00 step 000830/089200 (0.9%) | loss: 0.3002 | ppl: 1.4 | lr: 3.00e-04 | dt: 491ms | tok/s: 266,756
E00 step 000840/089200 (0.9%) | loss: 0.3011 | ppl: 1.4 | lr: 3.00e-04 | dt: 491ms | tok/s: 266,767
E00 step 000850/089200 (1.0%) | loss: 0.2732 | ppl: 1.3 | lr: 3.00e-04 | dt: 491ms | tok/s: 267,111
E00 step 000860/089200 (1.0%) | loss: 0.3204 | ppl: 1.4 | lr: 3.00e-04 | dt: 491ms | tok/s: 266,804
E00 step 000870/089200 (1.0%) | loss: 0.2933 | ppl: 1.3 | lr: 3.00e-04 | dt: 491ms | tok/s: 266,750
E00 step 000880/089200 (1.0%) | loss: 0.2907 | ppl: 1.3 | lr: 3.00e-04 | dt: 491ms | tok/s: 267,185
E00 step 000890/089200 (1.0%) | loss: 0.2805 | ppl: 1.3 | lr: 3.00e-04 | dt: 492ms | tok/s: 266,598
Epoch   1 | Step    892 | Val loss: 0.2720 | Val ppl: 1.31 (best)
E01 step 000900/089200 (1.0%) | loss: 0.3253 | ppl: 1.4 | lr: 3.00e-04 | dt: 488ms | tok/s: 268,322
E01 step 000910/089200 (1.0%) | loss: 0.3203 | ppl: 1.4 | lr: 3.00e-04 | dt: 490ms | tok/s: 267,271
E01 step 000920/089200 (1.0%) | loss: 0.2627 | ppl: 1.3 | lr: 3.00e-04 | dt: 491ms | tok/s: 267,175
E01 step 000930/089200 (1.0%) | loss: 0.3008 | ppl: 1.4 | lr: 3.00e-04 | dt: 490ms | tok/s: 267,234
E01 step 000940/089200 (1.1%) | loss: 0.2684 | ppl: 1.3 | lr: 3.00e-04 | dt: 491ms | tok/s: 267,055
E01 step 000950/089200 (1.1%) | loss: 0.3046 | ppl: 1.4 | lr: 3.00e-04 | dt: 491ms | tok/s: 267,104
E01 step 000960/089200 (1.1%) | loss: 0.3123 | ppl: 1.4 | lr: 3.00e-04 | dt: 491ms | tok/s: 266,918
E01 step 000970/089200 (1.1%) | loss: 0.3160 | ppl: 1.4 | lr: 3.00e-04 | dt: 492ms | tok/s: 266,647
E01 step 000980/089200 (1.1%) | loss: 0.2694 | ppl: 1.3 | lr: 3.00e-04 | dt: 491ms | tok/s: 266,923
E01 step 000990/089200 (1.1%) | loss: 0.2922 | ppl: 1.3 | lr: 3.00e-04 | dt: 491ms | tok/s: 267,079
E01 step 001000/089200 (1.1%) | loss: 0.3154 | ppl: 1.4 | lr: 3.00e-04 | dt: 492ms | tok/s: 266,366
E01 step 001010/089200 (1.1%) | loss: 0.2950 | ppl: 1.3 | lr: 3.00e-04 | dt: 491ms | tok/s: 267,061
E01 step 001020/089200 (1.1%) | loss: 0.2588 | ppl: 1.3 | lr: 3.00e-04 | dt: 491ms | tok/s: 266,805
E01 step 001030/089200 (1.2%) | loss: 0.2688 | ppl: 1.3 | lr: 3.00e-04 | dt: 491ms | tok/s: 266,948
E01 step 001040/089200 (1.2%) | loss: 0.2786 | ppl: 1.3 | lr: 3.00e-04 | dt: 491ms | tok/s: 267,054
E01 step 001050/089200 (1.2%) | loss: 0.2808 | ppl: 1.3 | lr: 3.00e-04 | dt: 491ms | tok/s: 266,879
E01 step 001060/089200 (1.2%) | loss: 0.2549 | ppl: 1.3 | lr: 3.00e-04 | dt: 492ms | tok/s: 266,460
E01 step 001070/089200 (1.2%) | loss: 0.2564 | ppl: 1.3 | lr: 3.00e-04 | dt: 491ms | tok/s: 266,835
E01 step 001080/089200 (1.2%) | loss: 0.2560 | ppl: 1.3 | lr: 3.00e-04 | dt: 491ms | tok/s: 267,105
E01 step 001090/089200 (1.2%) | loss: 0.2730 | ppl: 1.3 | lr: 3.00e-04 | dt: 491ms | tok/s: 266,999
E01 step 001100/089200 (1.2%) | loss: 0.2579 | ppl: 1.3 | lr: 3.00e-04 | dt: 491ms | tok/s: 266,710
E01 step 001110/089200 (1.2%) | loss: 0.2789 | ppl: 1.3 | lr: 3.00e-04 | dt: 491ms | tok/s: 266,893
E01 step 001120/089200 (1.3%) | loss: 0.2725 | ppl: 1.3 | lr: 3.00e-04 | dt: 490ms | tok/s: 267,336
E01 step 001130/089200 (1.3%) | loss: 0.2717 | ppl: 1.3 | lr: 3.00e-04 | dt: 491ms | tok/s: 266,743
E01 step 001140/089200 (1.3%) | loss: 0.2431 | ppl: 1.3 | lr: 3.00e-04 | dt: 491ms | tok/s: 266,688
E01 step 001150/089200 (1.3%) | loss: 0.2433 | ppl: 1.3 | lr: 3.00e-04 | dt: 491ms | tok/s: 266,805
E01 step 001160/089200 (1.3%) | loss: 0.2572 | ppl: 1.3 | lr: 3.00e-04 | dt: 491ms | tok/s: 266,917
E01 step 001170/089200 (1.3%) | loss: 0.2426 | ppl: 1.3 | lr: 3.00e-04 | dt: 491ms | tok/s: 266,890
E01 step 001180/089200 (1.3%) | loss: 0.2208 | ppl: 1.2 | lr: 3.00e-04 | dt: 491ms | tok/s: 266,883
E01 step 001190/089200 (1.3%) | loss: 0.2328 | ppl: 1.3 | lr: 3.00e-04 | dt: 492ms | tok/s: 266,384
E01 step 001200/089200 (1.3%) | loss: 0.2296 | ppl: 1.3 | lr: 3.00e-04 | dt: 492ms | tok/s: 266,570
E01 step 001210/089200 (1.4%) | loss: 0.2387 | ppl: 1.3 | lr: 3.00e-04 | dt: 491ms | tok/s: 266,975
E01 step 001220/089200 (1.4%) | loss: 0.2305 | ppl: 1.3 | lr: 3.00e-04 | dt: 491ms | tok/s: 266,787
E01 step 001230/089200 (1.4%) | loss: 0.2608 | ppl: 1.3 | lr: 3.00e-04 | dt: 492ms | tok/s: 266,601
E01 step 001240/089200 (1.4%) | loss: 0.2508 | ppl: 1.3 | lr: 3.00e-04 | dt: 491ms | tok/s: 266,684
E01 step 001250/089200 (1.4%) | loss: 0.2639 | ppl: 1.3 | lr: 3.00e-04 | dt: 492ms | tok/s: 266,626
E01 step 001260/089200 (1.4%) | loss: 0.2672 | ppl: 1.3 | lr: 3.00e-04 | dt: 491ms | tok/s: 266,760
E01 step 001270/089200 (1.4%) | loss: 0.2809 | ppl: 1.3 | lr: 3.00e-04 | dt: 492ms | tok/s: 266,517
E01 step 001280/089200 (1.4%) | loss: 0.2539 | ppl: 1.3 | lr: 3.00e-04 | dt: 492ms | tok/s: 266,493
E01 step 001290/089200 (1.4%) | loss: 0.2631 | ppl: 1.3 | lr: 3.00e-04 | dt: 491ms | tok/s: 266,699
E01 step 001300/089200 (1.5%) | loss: 0.2758 | ppl: 1.3 | lr: 3.00e-04 | dt: 491ms | tok/s: 266,904
E01 step 001310/089200 (1.5%) | loss: 0.2546 | ppl: 1.3 | lr: 3.00e-04 | dt: 491ms | tok/s: 267,070
E01 step 001320/089200 (1.5%) | loss: 0.2389 | ppl: 1.3 | lr: 3.00e-04 | dt: 491ms | tok/s: 266,937
E01 step 001330/089200 (1.5%) | loss: 0.2146 | ppl: 1.2 | lr: 3.00e-04 | dt: 492ms | tok/s: 266,594
E01 step 001340/089200 (1.5%) | loss: 0.2368 | ppl: 1.3 | lr: 3.00e-04 | dt: 492ms | tok/s: 266,489
E01 step 001350/089200 (1.5%) | loss: 0.2524 | ppl: 1.3 | lr: 3.00e-04 | dt: 492ms | tok/s: 266,665
E01 step 001360/089200 (1.5%) | loss: 0.2411 | ppl: 1.3 | lr: 3.00e-04 | dt: 491ms | tok/s: 266,944
E01 step 001370/089200 (1.5%) | loss: 0.2377 | ppl: 1.3 | lr: 3.00e-04 | dt: 491ms | tok/s: 266,936
E01 step 001380/089200 (1.5%) | loss: 0.2257 | ppl: 1.3 | lr: 3.00e-04 | dt: 491ms | tok/s: 266,850
E01 step 001390/089200 (1.6%) | loss: 0.2231 | ppl: 1.2 | lr: 3.00e-04 | dt: 492ms | tok/s: 266,422
E01 step 001400/089200 (1.6%) | loss: 0.2089 | ppl: 1.2 | lr: 3.00e-04 | dt: 492ms | tok/s: 266,519
E01 step 001410/089200 (1.6%) | loss: 0.2100 | ppl: 1.2 | lr: 3.00e-04 | dt: 491ms | tok/s: 266,714
E01 step 001420/089200 (1.6%) | loss: 0.2095 | ppl: 1.2 | lr: 3.00e-04 | dt: 491ms | tok/s: 267,086
E01 step 001430/089200 (1.6%) | loss: 0.2197 | ppl: 1.2 | lr: 3.00e-04 | dt: 491ms | tok/s: 266,805
E01 step 001440/089200 (1.6%) | loss: 0.2295 | ppl: 1.3 | lr: 3.00e-04 | dt: 491ms | tok/s: 266,805
E01 step 001450/089200 (1.6%) | loss: 0.2281 | ppl: 1.3 | lr: 3.00e-04 | dt: 491ms | tok/s: 266,716
E01 step 001460/089200 (1.6%) | loss: 0.2450 | ppl: 1.3 | lr: 3.00e-04 | dt: 492ms | tok/s: 266,565
E01 step 001470/089200 (1.6%) | loss: 0.2121 | ppl: 1.2 | lr: 3.00e-04 | dt: 492ms | tok/s: 266,562
E01 step 001480/089200 (1.7%) | loss: 0.2214 | ppl: 1.2 | lr: 3.00e-04 | dt: 491ms | tok/s: 266,901
E01 step 001490/089200 (1.7%) | loss: 0.2465 | ppl: 1.3 | lr: 3.00e-04 | dt: 492ms | tok/s: 266,505
E01 step 001500/089200 (1.7%) | loss: 0.2191 | ppl: 1.2 | lr: 3.00e-04 | dt: 491ms | tok/s: 266,922
E01 step 001510/089200 (1.7%) | loss: 0.2257 | ppl: 1.3 | lr: 3.00e-04 | dt: 492ms | tok/s: 266,392
E01 step 001520/089200 (1.7%) | loss: 0.2202 | ppl: 1.2 | lr: 3.00e-04 | dt: 492ms | tok/s: 266,658
E01 step 001530/089200 (1.7%) | loss: 0.2162 | ppl: 1.2 | lr: 3.00e-04 | dt: 491ms | tok/s: 266,753
E01 step 001540/089200 (1.7%) | loss: 0.2131 | ppl: 1.2 | lr: 3.00e-04 | dt: 491ms | tok/s: 266,826
E01 step 001550/089200 (1.7%) | loss: 0.2258 | ppl: 1.3 | lr: 3.00e-04 | dt: 491ms | tok/s: 267,210
E01 step 001560/089200 (1.7%) | loss: 0.2377 | ppl: 1.3 | lr: 3.00e-04 | dt: 491ms | tok/s: 266,810
E01 step 001570/089200 (1.8%) | loss: 0.2177 | ppl: 1.2 | lr: 3.00e-04 | dt: 491ms | tok/s: 266,677
E01 step 001580/089200 (1.8%) | loss: 0.2175 | ppl: 1.2 | lr: 3.00e-04 | dt: 492ms | tok/s: 266,247
E01 step 001590/089200 (1.8%) | loss: 0.2509 | ppl: 1.3 | lr: 3.00e-04 | dt: 492ms | tok/s: 266,468
E01 step 001600/089200 (1.8%) | loss: 0.2310 | ppl: 1.3 | lr: 3.00e-04 | dt: 492ms | tok/s: 266,581
E01 step 001610/089200 (1.8%) | loss: 0.2220 | ppl: 1.2 | lr: 3.00e-04 | dt: 492ms | tok/s: 266,666
E01 step 001620/089200 (1.8%) | loss: 0.2211 | ppl: 1.2 | lr: 3.00e-04 | dt: 492ms | tok/s: 266,639
E01 step 001630/089200 (1.8%) | loss: 0.2215 | ppl: 1.2 | lr: 3.00e-04 | dt: 491ms | tok/s: 266,889
E01 step 001640/089200 (1.8%) | loss: 0.2513 | ppl: 1.3 | lr: 3.00e-04 | dt: 492ms | tok/s: 266,597
E01 step 001650/089200 (1.8%) | loss: 0.2170 | ppl: 1.2 | lr: 3.00e-04 | dt: 492ms | tok/s: 266,612
E01 step 001660/089200 (1.9%) | loss: 0.2354 | ppl: 1.3 | lr: 3.00e-04 | dt: 492ms | tok/s: 266,490
E01 step 001670/089200 (1.9%) | loss: 0.2252 | ppl: 1.3 | lr: 3.00e-04 | dt: 491ms | tok/s: 266,769
E01 step 001680/089200 (1.9%) | loss: 0.2418 | ppl: 1.3 | lr: 3.00e-04 | dt: 492ms | tok/s: 266,525
E01 step 001690/089200 (1.9%) | loss: 0.2215 | ppl: 1.2 | lr: 3.00e-04 | dt: 492ms | tok/s: 266,674
E01 step 001700/089200 (1.9%) | loss: 0.1966 | ppl: 1.2 | lr: 3.00e-04 | dt: 492ms | tok/s: 266,343
E01 step 001710/089200 (1.9%) | loss: 0.2323 | ppl: 1.3 | lr: 3.00e-04 | dt: 491ms | tok/s: 266,757
E01 step 001720/089200 (1.9%) | loss: 0.2129 | ppl: 1.2 | lr: 3.00e-04 | dt: 492ms | tok/s: 266,355
E01 step 001730/089200 (1.9%) | loss: 0.2190 | ppl: 1.2 | lr: 3.00e-04 | dt: 492ms | tok/s: 266,282
E01 step 001740/089200 (2.0%) | loss: 0.2237 | ppl: 1.3 | lr: 3.00e-04 | dt: 492ms | tok/s: 266,247
E01 step 001750/089200 (2.0%) | loss: 0.2330 | ppl: 1.3 | lr: 3.00e-04 | dt: 492ms | tok/s: 266,548
E01 step 001760/089200 (2.0%) | loss: 0.2157 | ppl: 1.2 | lr: 3.00e-04 | dt: 491ms | tok/s: 266,912
E01 step 001770/089200 (2.0%) | loss: 0.1876 | ppl: 1.2 | lr: 3.00e-04 | dt: 491ms | tok/s: 266,689
E01 step 001780/089200 (2.0%) | loss: 0.1995 | ppl: 1.2 | lr: 3.00e-04 | dt: 491ms | tok/s: 266,978
Epoch   2 | Step   1784 | Val loss: 0.1954 | Val ppl: 1.22 (best)
E02 step 001790/089200 (2.0%) | loss: 0.2171 | ppl: 1.2 | lr: 3.00e-04 | dt: 491ms | tok/s: 267,054
E02 step 001800/089200 (2.0%) | loss: 0.1998 | ppl: 1.2 | lr: 3.00e-04 | dt: 491ms | tok/s: 266,721
E02 step 001810/089200 (2.0%) | loss: 0.2136 | ppl: 1.2 | lr: 3.00e-04 | dt: 491ms | tok/s: 267,044
E02 step 001820/089200 (2.0%) | loss: 0.2179 | ppl: 1.2 | lr: 3.00e-04 | dt: 491ms | tok/s: 267,096
E02 step 001830/089200 (2.1%) | loss: 0.2115 | ppl: 1.2 | lr: 3.00e-04 | dt: 491ms | tok/s: 266,737
E02 step 001840/089200 (2.1%) | loss: 0.2112 | ppl: 1.2 | lr: 3.00e-04 | dt: 492ms | tok/s: 266,335
E02 step 001850/089200 (2.1%) | loss: 0.2208 | ppl: 1.2 | lr: 3.00e-04 | dt: 491ms | tok/s: 266,999
E02 step 001860/089200 (2.1%) | loss: 0.2192 | ppl: 1.2 | lr: 3.00e-04 | dt: 491ms | tok/s: 266,752
E02 step 001870/089200 (2.1%) | loss: 0.2082 | ppl: 1.2 | lr: 3.00e-04 | dt: 491ms | tok/s: 266,786
E02 step 001880/089200 (2.1%) | loss: 0.2052 | ppl: 1.2 | lr: 3.00e-04 | dt: 491ms | tok/s: 266,707
E02 step 001890/089200 (2.1%) | loss: 0.2219 | ppl: 1.2 | lr: 3.00e-04 | dt: 491ms | tok/s: 266,900
E02 step 001900/089200 (2.1%) | loss: 0.2091 | ppl: 1.2 | lr: 3.00e-04 | dt: 491ms | tok/s: 266,835
E02 step 001910/089200 (2.1%) | loss: 0.2052 | ppl: 1.2 | lr: 3.00e-04 | dt: 491ms | tok/s: 266,836
E02 step 001920/089200 (2.2%) | loss: 0.2010 | ppl: 1.2 | lr: 3.00e-04 | dt: 491ms | tok/s: 266,686
E02 step 001930/089200 (2.2%) | loss: 0.1909 | ppl: 1.2 | lr: 3.00e-04 | dt: 492ms | tok/s: 266,622
E02 step 001940/089200 (2.2%) | loss: 0.1983 | ppl: 1.2 | lr: 3.00e-04 | dt: 492ms | tok/s: 266,564
E02 step 001950/089200 (2.2%) | loss: 0.2075 | ppl: 1.2 | lr: 3.00e-04 | dt: 491ms | tok/s: 267,084
E02 step 001960/089200 (2.2%) | loss: 0.1989 | ppl: 1.2 | lr: 3.00e-04 | dt: 491ms | tok/s: 266,859
E02 step 001970/089200 (2.2%) | loss: 0.1942 | ppl: 1.2 | lr: 3.00e-04 | dt: 491ms | tok/s: 266,685
E02 step 001980/089200 (2.2%) | loss: 0.2062 | ppl: 1.2 | lr: 3.00e-04 | dt: 491ms | tok/s: 266,811
E02 step 001990/089200 (2.2%) | loss: 0.2317 | ppl: 1.3 | lr: 3.00e-04 | dt: 491ms | tok/s: 267,034
E02 step 002000/089200 (2.2%) | loss: 0.2126 | ppl: 1.2 | lr: 3.00e-04 | dt: 492ms | tok/s: 266,478
E02 step 002010/089200 (2.3%) | loss: 0.1926 | ppl: 1.2 | lr: 3.00e-04 | dt: 492ms | tok/s: 266,536
E02 step 002020/089200 (2.3%) | loss: 0.1911 | ppl: 1.2 | lr: 3.00e-04 | dt: 491ms | tok/s: 266,744
E02 step 002030/089200 (2.3%) | loss: 0.2227 | ppl: 1.2 | lr: 3.00e-04 | dt: 491ms | tok/s: 266,841
E02 step 002040/089200 (2.3%) | loss: 0.2108 | ppl: 1.2 | lr: 3.00e-04 | dt: 491ms | tok/s: 266,706
E02 step 002050/089200 (2.3%) | loss: 0.2003 | ppl: 1.2 | lr: 3.00e-04 | dt: 492ms | tok/s: 266,572
E02 step 002060/089200 (2.3%) | loss: 0.2201 | ppl: 1.2 | lr: 3.00e-04 | dt: 492ms | tok/s: 266,554
E02 step 002070/089200 (2.3%) | loss: 0.2009 | ppl: 1.2 | lr: 3.00e-04 | dt: 492ms | tok/s: 266,355
E02 step 002080/089200 (2.3%) | loss: 0.2019 | ppl: 1.2 | lr: 3.00e-04 | dt: 492ms | tok/s: 266,640
E02 step 002090/089200 (2.3%) | loss: 0.1951 | ppl: 1.2 | lr: 3.00e-04 | dt: 491ms | tok/s: 267,058
E02 step 002100/089200 (2.4%) | loss: 0.2137 | ppl: 1.2 | lr: 3.00e-04 | dt: 491ms | tok/s: 266,752
E02 step 002110/089200 (2.4%) | loss: 0.2128 | ppl: 1.2 | lr: 3.00e-04 | dt: 492ms | tok/s: 266,532
E02 step 002120/089200 (2.4%) | loss: 0.1863 | ppl: 1.2 | lr: 3.00e-04 | dt: 491ms | tok/s: 267,076
E02 step 002130/089200 (2.4%) | loss: 0.2115 | ppl: 1.2 | lr: 3.00e-04 | dt: 492ms | tok/s: 266,648
E02 step 002140/089200 (2.4%) | loss: 0.2254 | ppl: 1.3 | lr: 3.00e-04 | dt: 492ms | tok/s: 266,617
E02 step 002150/089200 (2.4%) | loss: 0.2046 | ppl: 1.2 | lr: 3.00e-04 | dt: 491ms | tok/s: 267,027
E02 step 002160/089200 (2.4%) | loss: 0.2073 | ppl: 1.2 | lr: 3.00e-04 | dt: 491ms | tok/s: 266,890
E02 step 002170/089200 (2.4%) | loss: 0.1986 | ppl: 1.2 | lr: 3.00e-04 | dt: 491ms | tok/s: 266,683
E02 step 002180/089200 (2.4%) | loss: 0.2026 | ppl: 1.2 | lr: 3.00e-04 | dt: 491ms | tok/s: 266,970
E02 step 002190/089200 (2.5%) | loss: 0.2025 | ppl: 1.2 | lr: 3.00e-04 | dt: 491ms | tok/s: 266,865
E02 step 002200/089200 (2.5%) | loss: 0.2204 | ppl: 1.2 | lr: 3.00e-04 | dt: 491ms | tok/s: 266,699
E02 step 002210/089200 (2.5%) | loss: 0.2110 | ppl: 1.2 | lr: 3.00e-04 | dt: 491ms | tok/s: 266,751
E02 step 002220/089200 (2.5%) | loss: 0.2175 | ppl: 1.2 | lr: 3.00e-04 | dt: 492ms | tok/s: 266,606
E02 step 002230/089200 (2.5%) | loss: 0.1944 | ppl: 1.2 | lr: 3.00e-04 | dt: 491ms | tok/s: 266,782
E02 step 002240/089200 (2.5%) | loss: 0.1889 | ppl: 1.2 | lr: 3.00e-04 | dt: 491ms | tok/s: 267,041
E02 step 002250/089200 (2.5%) | loss: 0.3663 | ppl: 1.4 | lr: 3.00e-04 | dt: 491ms | tok/s: 266,972
E02 step 002260/089200 (2.5%) | loss: 0.2581 | ppl: 1.3 | lr: 3.00e-04 | dt: 492ms | tok/s: 266,547
E02 step 002270/089200 (2.5%) | loss: 0.2151 | ppl: 1.2 | lr: 3.00e-04 | dt: 492ms | tok/s: 266,205
E02 step 002280/089200 (2.6%) | loss: 0.2007 | ppl: 1.2 | lr: 3.00e-04 | dt: 492ms | tok/s: 266,398
E02 step 002290/089200 (2.6%) | loss: 0.1944 | ppl: 1.2 | lr: 3.00e-04 | dt: 491ms | tok/s: 266,722
E02 step 002300/089200 (2.6%) | loss: 0.1888 | ppl: 1.2 | lr: 3.00e-04 | dt: 492ms | tok/s: 266,483
E02 step 002310/089200 (2.6%) | loss: 0.1854 | ppl: 1.2 | lr: 3.00e-04 | dt: 491ms | tok/s: 266,817
E02 step 002320/089200 (2.6%) | loss: 0.1833 | ppl: 1.2 | lr: 3.00e-04 | dt: 492ms | tok/s: 266,586
E02 step 002330/089200 (2.6%) | loss: 0.1788 | ppl: 1.2 | lr: 3.00e-04 | dt: 492ms | tok/s: 266,405
E02 step 002340/089200 (2.6%) | loss: 0.1904 | ppl: 1.2 | lr: 3.00e-04 | dt: 491ms | tok/s: 266,920
E02 step 002350/089200 (2.6%) | loss: 0.1994 | ppl: 1.2 | lr: 3.00e-04 | dt: 491ms | tok/s: 266,791
E02 step 002360/089200 (2.6%) | loss: 0.2033 | ppl: 1.2 | lr: 3.00e-04 | dt: 492ms | tok/s: 266,619
E02 step 002370/089200 (2.7%) | loss: 0.1967 | ppl: 1.2 | lr: 3.00e-04 | dt: 492ms | tok/s: 266,496
E02 step 002380/089200 (2.7%) | loss: 0.2069 | ppl: 1.2 | lr: 3.00e-04 | dt: 492ms | tok/s: 266,646
E02 step 002390/089200 (2.7%) | loss: 0.2028 | ppl: 1.2 | lr: 3.00e-04 | dt: 491ms | tok/s: 267,125
E02 step 002400/089200 (2.7%) | loss: 0.2136 | ppl: 1.2 | lr: 3.00e-04 | dt: 491ms | tok/s: 266,956
E02 step 002410/089200 (2.7%) | loss: 0.1959 | ppl: 1.2 | lr: 3.00e-04 | dt: 491ms | tok/s: 266,763
E02 step 002420/089200 (2.7%) | loss: 0.1907 | ppl: 1.2 | lr: 3.00e-04 | dt: 492ms | tok/s: 266,637
E02 step 002430/089200 (2.7%) | loss: 0.1819 | ppl: 1.2 | lr: 3.00e-04 | dt: 491ms | tok/s: 266,889
E02 step 002440/089200 (2.7%) | loss: 0.1816 | ppl: 1.2 | lr: 3.00e-04 | dt: 491ms | tok/s: 266,804
E02 step 002450/089200 (2.7%) | loss: 0.1781 | ppl: 1.2 | lr: 3.00e-04 | dt: 491ms | tok/s: 266,865
E02 step 002460/089200 (2.8%) | loss: 0.1783 | ppl: 1.2 | lr: 3.00e-04 | dt: 492ms | tok/s: 266,635
E02 step 002470/089200 (2.8%) | loss: 0.1887 | ppl: 1.2 | lr: 3.00e-04 | dt: 491ms | tok/s: 267,046
E02 step 002480/089200 (2.8%) | loss: 0.1925 | ppl: 1.2 | lr: 3.00e-04 | dt: 491ms | tok/s: 267,028
E02 step 002490/089200 (2.8%) | loss: 0.1825 | ppl: 1.2 | lr: 2.99e-04 | dt: 491ms | tok/s: 266,800
E02 step 002500/089200 (2.8%) | loss: 0.2048 | ppl: 1.2 | lr: 2.99e-04 | dt: 491ms | tok/s: 267,067
E02 step 002510/089200 (2.8%) | loss: 0.1764 | ppl: 1.2 | lr: 2.99e-04 | dt: 491ms | tok/s: 266,985
E02 step 002520/089200 (2.8%) | loss: 0.1718 | ppl: 1.2 | lr: 2.99e-04 | dt: 491ms | tok/s: 266,993
E02 step 002530/089200 (2.8%) | loss: 0.1888 | ppl: 1.2 | lr: 2.99e-04 | dt: 492ms | tok/s: 266,552
E02 step 002540/089200 (2.8%) | loss: 0.1968 | ppl: 1.2 | lr: 2.99e-04 | dt: 492ms | tok/s: 266,167
E02 step 002550/089200 (2.9%) | loss: 0.1782 | ppl: 1.2 | lr: 2.99e-04 | dt: 492ms | tok/s: 266,669
E02 step 002560/089200 (2.9%) | loss: 0.1788 | ppl: 1.2 | lr: 2.99e-04 | dt: 491ms | tok/s: 266,682
E02 step 002570/089200 (2.9%) | loss: 0.1778 | ppl: 1.2 | lr: 2.99e-04 | dt: 491ms | tok/s: 267,015
E02 step 002580/089200 (2.9%) | loss: 0.1864 | ppl: 1.2 | lr: 2.99e-04 | dt: 492ms | tok/s: 266,446
E02 step 002590/089200 (2.9%) | loss: 0.2010 | ppl: 1.2 | lr: 2.99e-04 | dt: 492ms | tok/s: 266,581
E02 step 002600/089200 (2.9%) | loss: 0.1849 | ppl: 1.2 | lr: 2.99e-04 | dt: 492ms | tok/s: 266,328
E02 step 002610/089200 (2.9%) | loss: 0.1764 | ppl: 1.2 | lr: 2.99e-04 | dt: 491ms | tok/s: 266,701
E02 step 002620/089200 (2.9%) | loss: 0.1849 | ppl: 1.2 | lr: 2.99e-04 | dt: 491ms | tok/s: 266,714
E02 step 002630/089200 (2.9%) | loss: 0.1770 | ppl: 1.2 | lr: 2.99e-04 | dt: 492ms | tok/s: 266,522
E02 step 002640/089200 (3.0%) | loss: 0.1907 | ppl: 1.2 | lr: 2.99e-04 | dt: 492ms | tok/s: 266,596
E02 step 002650/089200 (3.0%) | loss: 0.1764 | ppl: 1.2 | lr: 2.99e-04 | dt: 492ms | tok/s: 266,155
E02 step 002660/089200 (3.0%) | loss: 0.1893 | ppl: 1.2 | lr: 2.99e-04 | dt: 491ms | tok/s: 267,091
E02 step 002670/089200 (3.0%) | loss: 0.1835 | ppl: 1.2 | lr: 2.99e-04 | dt: 491ms | tok/s: 266,903
Epoch   3 | Step   2676 | Val loss: 0.1746 | Val ppl: 1.19 (best)
E03 step 002680/089200 (3.0%) | loss: 0.1820 | ppl: 1.2 | lr: 2.99e-04 | dt: 491ms | tok/s: 267,005
E03 step 002690/089200 (3.0%) | loss: 0.1922 | ppl: 1.2 | lr: 2.99e-04 | dt: 491ms | tok/s: 266,990
E03 step 002700/089200 (3.0%) | loss: 0.1831 | ppl: 1.2 | lr: 2.99e-04 | dt: 492ms | tok/s: 266,535
E03 step 002710/089200 (3.0%) | loss: 0.1931 | ppl: 1.2 | lr: 2.99e-04 | dt: 492ms | tok/s: 266,459
E03 step 002720/089200 (3.0%) | loss: 0.1960 | ppl: 1.2 | lr: 2.99e-04 | dt: 492ms | tok/s: 266,180
E03 step 002730/089200 (3.1%) | loss: 0.1899 | ppl: 1.2 | lr: 2.99e-04 | dt: 491ms | tok/s: 266,823
E03 step 002740/089200 (3.1%) | loss: 0.1751 | ppl: 1.2 | lr: 2.99e-04 | dt: 492ms | tok/s: 266,262
E03 step 002750/089200 (3.1%) | loss: 0.1719 | ppl: 1.2 | lr: 2.99e-04 | dt: 491ms | tok/s: 266,855
E03 step 002760/089200 (3.1%) | loss: 0.1613 | ppl: 1.2 | lr: 2.99e-04 | dt: 492ms | tok/s: 266,632
E03 step 002770/089200 (3.1%) | loss: 0.1769 | ppl: 1.2 | lr: 2.99e-04 | dt: 490ms | tok/s: 267,287
E03 step 002780/089200 (3.1%) | loss: 0.1689 | ppl: 1.2 | lr: 2.99e-04 | dt: 491ms | tok/s: 266,712
E03 step 002790/089200 (3.1%) | loss: 0.1995 | ppl: 1.2 | lr: 2.99e-04 | dt: 492ms | tok/s: 266,581
E03 step 002800/089200 (3.1%) | loss: 0.2167 | ppl: 1.2 | lr: 2.99e-04 | dt: 491ms | tok/s: 266,761
E03 step 002810/089200 (3.2%) | loss: 0.2014 | ppl: 1.2 | lr: 2.99e-04 | dt: 492ms | tok/s: 266,495
E03 step 002820/089200 (3.2%) | loss: 0.1974 | ppl: 1.2 | lr: 2.99e-04 | dt: 492ms | tok/s: 266,632
E03 step 002830/089200 (3.2%) | loss: 0.1806 | ppl: 1.2 | lr: 2.99e-04 | dt: 492ms | tok/s: 266,314
E03 step 002840/089200 (3.2%) | loss: 0.1927 | ppl: 1.2 | lr: 2.99e-04 | dt: 492ms | tok/s: 266,428
E03 step 002850/089200 (3.2%) | loss: 0.1735 | ppl: 1.2 | lr: 2.99e-04 | dt: 492ms | tok/s: 266,523
E03 step 002860/089200 (3.2%) | loss: 0.1873 | ppl: 1.2 | lr: 2.99e-04 | dt: 492ms | tok/s: 266,663
E03 step 002870/089200 (3.2%) | loss: 0.1856 | ppl: 1.2 | lr: 2.99e-04 | dt: 492ms | tok/s: 266,397
E03 step 002880/089200 (3.2%) | loss: 0.1932 | ppl: 1.2 | lr: 2.99e-04 | dt: 492ms | tok/s: 266,410
E03 step 002890/089200 (3.2%) | loss: 0.1976 | ppl: 1.2 | lr: 2.99e-04 | dt: 492ms | tok/s: 266,272
E03 step 002900/089200 (3.3%) | loss: 0.2001 | ppl: 1.2 | lr: 2.99e-04 | dt: 492ms | tok/s: 266,520
E03 step 002910/089200 (3.3%) | loss: 0.1760 | ppl: 1.2 | lr: 2.99e-04 | dt: 492ms | tok/s: 266,520
E03 step 002920/089200 (3.3%) | loss: 0.1794 | ppl: 1.2 | lr: 2.99e-04 | dt: 491ms | tok/s: 266,689
E03 step 002930/089200 (3.3%) | loss: 0.1787 | ppl: 1.2 | lr: 2.99e-04 | dt: 492ms | tok/s: 266,346
E03 step 002940/089200 (3.3%) | loss: 0.1725 | ppl: 1.2 | lr: 2.99e-04 | dt: 491ms | tok/s: 266,774
E03 step 002950/089200 (3.3%) | loss: 0.1784 | ppl: 1.2 | lr: 2.99e-04 | dt: 491ms | tok/s: 266,710
E03 step 002960/089200 (3.3%) | loss: 0.1835 | ppl: 1.2 | lr: 2.99e-04 | dt: 492ms | tok/s: 266,349
E03 step 002970/089200 (3.3%) | loss: 0.1796 | ppl: 1.2 | lr: 2.99e-04 | dt: 492ms | tok/s: 266,429
E03 step 002980/089200 (3.3%) | loss: 0.1757 | ppl: 1.2 | lr: 2.99e-04 | dt: 492ms | tok/s: 266,624
E03 step 002990/089200 (3.4%) | loss: 0.1833 | ppl: 1.2 | lr: 2.99e-04 | dt: 491ms | tok/s: 266,796