### Starting TaskPrologue of job 3254699 on a0324 at Sat Dec 27 17:59:38 CET 2025
Running on cores 64-79 with governor ondemand
Sat Dec 27 17:59:38 2025       
+-----------------------------------------------------------------------------------------+
| NVIDIA-SMI 580.105.08             Driver Version: 580.105.08     CUDA Version: 13.0     |
+-----------------------------------------+------------------------+----------------------+
| GPU  Name                 Persistence-M | Bus-Id          Disp.A | Volatile Uncorr. ECC |
| Fan  Temp   Perf          Pwr:Usage/Cap |           Memory-Usage | GPU-Util  Compute M. |
|                                         |                        |               MIG M. |
|=========================================+========================+======================|
|   0  NVIDIA A40                     On  |   00000000:81:00.0 Off |                  Off |
|  0%   34C    P8             21W /  300W |       0MiB /  49140MiB |      0%      Default |
|                                         |                        |                  N/A |
+-----------------------------------------+------------------------+----------------------+

+-----------------------------------------------------------------------------------------+
| Processes:                                                                              |
|  GPU   GI   CI              PID   Type   Process name                        GPU Memory |
|        ID   ID                                                               Usage      |
|=========================================================================================|
|  No running processes found                                                             |
+-----------------------------------------------------------------------------------------+
### Finished TaskPrologue

============================================================
TCT Training Job
============================================================
Job ID:     3254699
Node:       a0324
GPU:        a40 (a40)
Start:      Sat Dec 27 17:59:39 CET 2025
============================================================

Python 3.12 module not available, using conda
Python:  Python 3.12.12
PyTorch: 2.9.1+cu128
CUDA:    12.8
GPU:     NVIDIA A40

Starting training: kubernetes medium

GPU: NVIDIA A40 (49GB) - batch sizes auto-scaled
============================================================
TCT Experiments
============================================================
Date: Sat Dec 27 17:59:47 CET 2025
GPU: NVIDIA A40 (49GB)
Data: /home/hpc/iwia/iwia104h/jonas/nanochat-tct/../data
Schemas: kubernetes
Sizes: medium
Tokenizers: tct utf8
============================================================

============================================================
kubernetes (150 epochs)
============================================================
[START] kubernetes_tct_medium at Sat Dec 27 17:59:47 CET 2025
2025-12-27 17:59:52,694 - nanochat.common - [32m[1mINFO[0m - Distributed world size: 1

                                                       █████                █████
                                                      ░░███                ░░███
     ████████    ██████   ████████    ██████   ██████  ░███████    ██████  ███████
    ░░███░░███  ░░░░░███ ░░███░░███  ███░░███ ███░░███ ░███░░███  ░░░░░███░░░███░
     ░███ ░███   ███████  ░███ ░███ ░███ ░███░███ ░░░  ░███ ░███   ███████  ░███
     ░███ ░███  ███░░███  ░███ ░███ ░███ ░███░███  ███ ░███ ░███  ███░░███  ░███ ███
     ████ █████░░████████ ████ █████░░██████ ░░██████  ████ █████░░███████  ░░█████
    ░░░░ ░░░░░  ░░░░░░░░ ░░░░ ░░░░░  ░░░░░░   ░░░░░░  ░░░░ ░░░░░  ░░░░░░░░   ░░░░░
    
Overriding: schema = kubernetes
Overriding: tokenizer = tct
Overriding: model_size = medium
Overriding: data_root = /home/hpc/iwia/iwia104h/jonas/nanochat-tct/../data
Autodetected device type: cuda
================================================================================
EXPERIMENT: kubernetes / tct-BPE / medium
================================================================================
Schema: kubernetes
Tokenizer: tct-BPE
Data path: /home/hpc/iwia/iwia104h/jonas/nanochat-tct/../data/kubernetes-tct-bpe
Vocab size: 20,000
Context size: 2048
Model size: medium (124,326,912 params)
Dropout: 0.0

Batch size: 8
Gradient accumulation: 8
Effective batch size: 64
Learning rate: 0.0002 (cosine decay to 2.0e-05)

Epochs: 200
Steps per epoch: 320
Total steps: 64000
Warmup steps: 16
Save interval: every 6400 steps (10%)

Number of parameters: 122,732,544

Initializing dataloaders...
Dataset: kubernetes-tct-bpe
  Split: train (221,794 sequences)
  Vocab: 20,000
  Loaded 100,000 lines...
  Loaded 200,000 lines...
Loaded 221,794 sequences
  Average length: 190.8 tokens
  Truncate (>2048): 2,942 (1.3%)
  Pad (<2048): 218,851 (98.7%)
First batch shape: x=torch.Size([8, 2048]), y=torch.Size([8, 2048])

================================================================================
STARTING TRAINING
================================================================================

E00 step 000000/064000 (0.0%) | loss: 9.9035 | ppl: 20000.0 | lr: 1.25e-05 | dt: 24523ms | tok/s: 5,344
E00 step 000010/064000 (0.0%) | loss: 9.7437 | ppl: 17046.0 | lr: 1.38e-04 | dt: 1280ms | tok/s: 102,418
E00 step 000020/064000 (0.0%) | loss: 9.2987 | ppl: 10923.4 | lr: 2.00e-04 | dt: 1285ms | tok/s: 101,964
E00 step 000030/064000 (0.0%) | loss: 9.0285 | ppl: 8337.7 | lr: 2.00e-04 | dt: 1294ms | tok/s: 101,294
E00 step 000040/064000 (0.1%) | loss: 8.7923 | ppl: 6583.2 | lr: 2.00e-04 | dt: 1300ms | tok/s: 100,822
E00 step 000050/064000 (0.1%) | loss: 8.6110 | ppl: 5491.5 | lr: 2.00e-04 | dt: 1304ms | tok/s: 100,527
E00 step 000060/064000 (0.1%) | loss: 8.5150 | ppl: 4988.9 | lr: 2.00e-04 | dt: 1309ms | tok/s: 100,138
E00 step 000070/064000 (0.1%) | loss: 8.5215 | ppl: 5021.4 | lr: 2.00e-04 | dt: 1311ms | tok/s: 99,942
E00 step 000080/064000 (0.1%) | loss: 8.6448 | ppl: 5680.3 | lr: 2.00e-04 | dt: 1313ms | tok/s: 99,820
E00 step 000090/064000 (0.1%) | loss: 8.5680 | ppl: 5260.8 | lr: 2.00e-04 | dt: 1315ms | tok/s: 99,691
E00 step 000100/064000 (0.2%) | loss: 8.5959 | ppl: 5409.2 | lr: 2.00e-04 | dt: 1318ms | tok/s: 99,422
E00 step 000110/064000 (0.2%) | loss: 8.6172 | ppl: 5525.8 | lr: 2.00e-04 | dt: 1318ms | tok/s: 99,469
E00 step 000120/064000 (0.2%) | loss: 8.6247 | ppl: 5567.4 | lr: 2.00e-04 | dt: 1319ms | tok/s: 99,376
E00 step 000130/064000 (0.2%) | loss: 8.6937 | ppl: 5965.5 | lr: 2.00e-04 | dt: 1317ms | tok/s: 99,521
E00 step 000140/064000 (0.2%) | loss: 8.7199 | ppl: 6123.5 | lr: 2.00e-04 | dt: 1317ms | tok/s: 99,514
E00 step 000150/064000 (0.2%) | loss: 8.6043 | ppl: 5454.9 | lr: 2.00e-04 | dt: 1319ms | tok/s: 99,393
E00 step 000160/064000 (0.2%) | loss: 8.6891 | ppl: 5937.9 | lr: 2.00e-04 | dt: 1319ms | tok/s: 99,346
E00 step 000170/064000 (0.3%) | loss: 8.4464 | ppl: 4658.4 | lr: 2.00e-04 | dt: 1322ms | tok/s: 99,164
E00 step 000180/064000 (0.3%) | loss: 8.3951 | ppl: 4425.3 | lr: 2.00e-04 | dt: 1319ms | tok/s: 99,361
E00 step 000190/064000 (0.3%) | loss: 8.3156 | ppl: 4087.0 | lr: 2.00e-04 | dt: 1321ms | tok/s: 99,230
E00 step 000200/064000 (0.3%) | loss: 8.4917 | ppl: 4874.0 | lr: 2.00e-04 | dt: 1321ms | tok/s: 99,256
E00 step 000210/064000 (0.3%) | loss: 8.3906 | ppl: 4405.5 | lr: 2.00e-04 | dt: 1319ms | tok/s: 99,365
E00 step 000220/064000 (0.3%) | loss: 8.3179 | ppl: 4096.4 | lr: 2.00e-04 | dt: 1321ms | tok/s: 99,212
E00 step 000230/064000 (0.4%) | loss: 8.2910 | ppl: 3987.8 | lr: 2.00e-04 | dt: 1321ms | tok/s: 99,236
E00 step 000240/064000 (0.4%) | loss: 8.2042 | ppl: 3656.4 | lr: 2.00e-04 | dt: 1321ms | tok/s: 99,194
E00 step 000250/064000 (0.4%) | loss: 8.2487 | ppl: 3822.5 | lr: 2.00e-04 | dt: 1323ms | tok/s: 99,046
E00 step 000260/064000 (0.4%) | loss: 8.2037 | ppl: 3654.3 | lr: 2.00e-04 | dt: 1324ms | tok/s: 99,019
E00 step 000270/064000 (0.4%) | loss: 8.3220 | ppl: 4113.3 | lr: 2.00e-04 | dt: 1323ms | tok/s: 99,092
E00 step 000280/064000 (0.4%) | loss: 8.0946 | ppl: 3276.8 | lr: 2.00e-04 | dt: 1325ms | tok/s: 98,937
E00 step 000290/064000 (0.5%) | loss: 8.0615 | ppl: 3170.0 | lr: 2.00e-04 | dt: 1323ms | tok/s: 99,050
E00 step 000300/064000 (0.5%) | loss: 8.1549 | ppl: 3480.3 | lr: 2.00e-04 | dt: 1322ms | tok/s: 99,151
E00 step 000310/064000 (0.5%) | loss: 8.0848 | ppl: 3244.9 | lr: 2.00e-04 | dt: 1326ms | tok/s: 98,816
Epoch   1 | Step    320 | Val loss: 8.1430 | Val ppl: 3439.19 (best)
E01 step 000320/064000 (0.5%) | loss: 8.1361 | ppl: 3415.5 | lr: 2.00e-04 | dt: 1339ms | tok/s: 97,903
E01 step 000330/064000 (0.5%) | loss: 8.1423 | ppl: 3436.9 | lr: 2.00e-04 | dt: 1316ms | tok/s: 99,578
E01 step 000340/064000 (0.5%) | loss: 7.9870 | ppl: 2942.4 | lr: 2.00e-04 | dt: 1320ms | tok/s: 99,315
E01 step 000350/064000 (0.5%) | loss: 7.9933 | ppl: 2960.9 | lr: 2.00e-04 | dt: 1320ms | tok/s: 99,287
E01 step 000360/064000 (0.6%) | loss: 7.9260 | ppl: 2768.4 | lr: 2.00e-04 | dt: 1319ms | tok/s: 99,388
E01 step 000370/064000 (0.6%) | loss: 7.9131 | ppl: 2732.9 | lr: 2.00e-04 | dt: 1320ms | tok/s: 99,307
E01 step 000380/064000 (0.6%) | loss: 7.9945 | ppl: 2964.7 | lr: 2.00e-04 | dt: 1319ms | tok/s: 99,357
E01 step 000390/064000 (0.6%) | loss: 7.8557 | ppl: 2580.5 | lr: 2.00e-04 | dt: 1320ms | tok/s: 99,311
E01 step 000400/064000 (0.6%) | loss: 7.7013 | ppl: 2211.3 | lr: 2.00e-04 | dt: 1318ms | tok/s: 99,414
E01 step 000410/064000 (0.6%) | loss: 7.5594 | ppl: 1918.6 | lr: 2.00e-04 | dt: 1321ms | tok/s: 99,221
E01 step 000420/064000 (0.7%) | loss: 7.6778 | ppl: 2159.9 | lr: 2.00e-04 | dt: 1324ms | tok/s: 98,973
E01 step 000430/064000 (0.7%) | loss: 7.4590 | ppl: 1735.4 | lr: 2.00e-04 | dt: 1320ms | tok/s: 99,312
E01 step 000440/064000 (0.7%) | loss: 7.5904 | ppl: 1979.0 | lr: 2.00e-04 | dt: 1322ms | tok/s: 99,156
E01 step 000450/064000 (0.7%) | loss: 7.4980 | ppl: 1804.4 | lr: 2.00e-04 | dt: 1319ms | tok/s: 99,409
E01 step 000460/064000 (0.7%) | loss: 7.3330 | ppl: 1530.0 | lr: 2.00e-04 | dt: 1321ms | tok/s: 99,226
E01 step 000470/064000 (0.7%) | loss: 7.4058 | ppl: 1645.6 | lr: 2.00e-04 | dt: 1319ms | tok/s: 99,367
E01 step 000480/064000 (0.8%) | loss: 7.4156 | ppl: 1661.7 | lr: 2.00e-04 | dt: 1322ms | tok/s: 99,174
E01 step 000490/064000 (0.8%) | loss: 7.5582 | ppl: 1916.4 | lr: 2.00e-04 | dt: 1323ms | tok/s: 99,104
E01 step 000500/064000 (0.8%) | loss: 7.3810 | ppl: 1605.2 | lr: 2.00e-04 | dt: 1320ms | tok/s: 99,298
E01 step 000510/064000 (0.8%) | loss: 6.9965 | ppl: 1092.8 | lr: 2.00e-04 | dt: 1321ms | tok/s: 99,238
E01 step 000520/064000 (0.8%) | loss: 7.1924 | ppl: 1329.3 | lr: 2.00e-04 | dt: 1321ms | tok/s: 99,234
E01 step 000530/064000 (0.8%) | loss: 6.8691 | ppl: 962.0 | lr: 2.00e-04 | dt: 1320ms | tok/s: 99,300
E01 step 000540/064000 (0.8%) | loss: 7.1602 | ppl: 1287.2 | lr: 2.00e-04 | dt: 1321ms | tok/s: 99,220
E01 step 000550/064000 (0.9%) | loss: 7.0558 | ppl: 1159.6 | lr: 2.00e-04 | dt: 1321ms | tok/s: 99,205
E01 step 000560/064000 (0.9%) | loss: 6.9730 | ppl: 1067.5 | lr: 2.00e-04 | dt: 1322ms | tok/s: 99,136
E01 step 000570/064000 (0.9%) | loss: 6.8213 | ppl: 917.1 | lr: 2.00e-04 | dt: 1323ms | tok/s: 99,095
E01 step 000580/064000 (0.9%) | loss: 6.9007 | ppl: 992.9 | lr: 2.00e-04 | dt: 1322ms | tok/s: 99,180
E01 step 000590/064000 (0.9%) | loss: 7.0858 | ppl: 1194.9 | lr: 2.00e-04 | dt: 1322ms | tok/s: 99,133
E01 step 000600/064000 (0.9%) | loss: 6.6866 | ppl: 801.6 | lr: 2.00e-04 | dt: 1321ms | tok/s: 99,229
E01 step 000610/064000 (1.0%) | loss: 6.7553 | ppl: 858.6 | lr: 2.00e-04 | dt: 1320ms | tok/s: 99,264
E01 step 000620/064000 (1.0%) | loss: 6.6768 | ppl: 793.7 | lr: 2.00e-04 | dt: 1321ms | tok/s: 99,254
E01 step 000630/064000 (1.0%) | loss: 6.4751 | ppl: 648.8 | lr: 2.00e-04 | dt: 1321ms | tok/s: 99,241
Epoch   2 | Step    640 | Val loss: 6.6445 | Val ppl: 768.57 (best)
E02 step 000640/064000 (1.0%) | loss: 6.5757 | ppl: 717.4 | lr: 2.00e-04 | dt: 1351ms | tok/s: 97,004
E02 step 000650/064000 (1.0%) | loss: 6.3598 | ppl: 578.1 | lr: 2.00e-04 | dt: 1320ms | tok/s: 99,331
E02 step 000660/064000 (1.0%) | loss: 6.2311 | ppl: 508.3 | lr: 2.00e-04 | dt: 1321ms | tok/s: 99,255
E02 step 000670/064000 (1.0%) | loss: 6.4665 | ppl: 643.2 | lr: 2.00e-04 | dt: 1324ms | tok/s: 99,000
E02 step 000680/064000 (1.1%) | loss: 6.5495 | ppl: 698.9 | lr: 2.00e-04 | dt: 1322ms | tok/s: 99,177
E02 step 000690/064000 (1.1%) | loss: 6.1537 | ppl: 470.5 | lr: 2.00e-04 | dt: 1321ms | tok/s: 99,220
E02 step 000700/064000 (1.1%) | loss: 6.1376 | ppl: 462.9 | lr: 2.00e-04 | dt: 1322ms | tok/s: 99,128
E02 step 000710/064000 (1.1%) | loss: 6.2197 | ppl: 502.6 | lr: 2.00e-04 | dt: 1321ms | tok/s: 99,258
E02 step 000720/064000 (1.1%) | loss: 5.9020 | ppl: 365.8 | lr: 2.00e-04 | dt: 1323ms | tok/s: 99,096
E02 step 000730/064000 (1.1%) | loss: 5.8478 | ppl: 346.5 | lr: 2.00e-04 | dt: 1323ms | tok/s: 99,065
E02 step 000740/064000 (1.2%) | loss: 6.3466 | ppl: 570.5 | lr: 2.00e-04 | dt: 1323ms | tok/s: 99,042
E02 step 000750/064000 (1.2%) | loss: 6.3792 | ppl: 589.5 | lr: 2.00e-04 | dt: 1324ms | tok/s: 98,964
E02 step 000760/064000 (1.2%) | loss: 6.0996 | ppl: 445.7 | lr: 2.00e-04 | dt: 1324ms | tok/s: 99,007
E02 step 000770/064000 (1.2%) | loss: 6.1084 | ppl: 449.6 | lr: 2.00e-04 | dt: 1325ms | tok/s: 98,898
E02 step 000780/064000 (1.2%) | loss: 5.7610 | ppl: 317.7 | lr: 2.00e-04 | dt: 1322ms | tok/s: 99,127
E02 step 000790/064000 (1.2%) | loss: 5.8938 | ppl: 362.8 | lr: 2.00e-04 | dt: 1323ms | tok/s: 99,064
E02 step 000800/064000 (1.2%) | loss: 5.7166 | ppl: 303.9 | lr: 2.00e-04 | dt: 1323ms | tok/s: 99,064
E02 step 000810/064000 (1.3%) | loss: 5.9773 | ppl: 394.4 | lr: 2.00e-04 | dt: 1324ms | tok/s: 99,006
E02 step 000820/064000 (1.3%) | loss: 5.8886 | ppl: 360.9 | lr: 2.00e-04 | dt: 1322ms | tok/s: 99,152
E02 step 000830/064000 (1.3%) | loss: 5.7461 | ppl: 313.0 | lr: 2.00e-04 | dt: 1320ms | tok/s: 99,261
E02 step 000840/064000 (1.3%) | loss: 5.3702 | ppl: 214.9 | lr: 2.00e-04 | dt: 1322ms | tok/s: 99,145
E02 step 000850/064000 (1.3%) | loss: 5.7885 | ppl: 326.5 | lr: 2.00e-04 | dt: 1328ms | tok/s: 98,699
E02 step 000860/064000 (1.3%) | loss: 5.8327 | ppl: 341.3 | lr: 2.00e-04 | dt: 1324ms | tok/s: 99,023
E02 step 000870/064000 (1.4%) | loss: 5.6253 | ppl: 277.4 | lr: 2.00e-04 | dt: 1323ms | tok/s: 99,043
E02 step 000880/064000 (1.4%) | loss: 5.7602 | ppl: 317.4 | lr: 2.00e-04 | dt: 1321ms | tok/s: 99,233
E02 step 000890/064000 (1.4%) | loss: 5.3902 | ppl: 219.3 | lr: 2.00e-04 | dt: 1323ms | tok/s: 99,058
E02 step 000900/064000 (1.4%) | loss: 5.3383 | ppl: 208.2 | lr: 2.00e-04 | dt: 1323ms | tok/s: 99,067
E02 step 000910/064000 (1.4%) | loss: 5.1952 | ppl: 180.4 | lr: 2.00e-04 | dt: 1325ms | tok/s: 98,951
E02 step 000920/064000 (1.4%) | loss: 5.6156 | ppl: 274.7 | lr: 2.00e-04 | dt: 1323ms | tok/s: 99,037
E02 step 000930/064000 (1.5%) | loss: 5.5070 | ppl: 246.4 | lr: 2.00e-04 | dt: 1323ms | tok/s: 99,048
E02 step 000940/064000 (1.5%) | loss: 5.7580 | ppl: 316.7 | lr: 2.00e-04 | dt: 1322ms | tok/s: 99,159
E02 step 000950/064000 (1.5%) | loss: 5.5817 | ppl: 265.5 | lr: 2.00e-04 | dt: 1324ms | tok/s: 99,009
Epoch   3 | Step    960 | Val loss: 5.4428 | Val ppl: 231.09 (best)
E03 step 000960/064000 (1.5%) | loss: 5.4347 | ppl: 229.2 | lr: 2.00e-04 | dt: 1353ms | tok/s: 96,908
E03 step 000970/064000 (1.5%) | loss: 5.1365 | ppl: 170.1 | lr: 2.00e-04 | dt: 1324ms | tok/s: 98,984
E03 step 000980/064000 (1.5%) | loss: 5.0774 | ppl: 160.4 | lr: 2.00e-04 | dt: 1322ms | tok/s: 99,147
E03 step 000990/064000 (1.5%) | loss: 5.4154 | ppl: 224.8 | lr: 2.00e-04 | dt: 1322ms | tok/s: 99,154
E03 step 001000/064000 (1.6%) | loss: 5.3124 | ppl: 202.8 | lr: 2.00e-04 | dt: 1322ms | tok/s: 99,161
E03 step 001010/064000 (1.6%) | loss: 5.3899 | ppl: 219.2 | lr: 2.00e-04 | dt: 1324ms | tok/s: 98,994
E03 step 001020/064000 (1.6%) | loss: 5.5531 | ppl: 258.0 | lr: 2.00e-04 | dt: 1323ms | tok/s: 99,072
E03 step 001030/064000 (1.6%) | loss: 5.4751 | ppl: 238.7 | lr: 2.00e-04 | dt: 1323ms | tok/s: 99,089
E03 step 001040/064000 (1.6%) | loss: 5.4082 | ppl: 223.2 | lr: 2.00e-04 | dt: 1323ms | tok/s: 99,106
E03 step 001050/064000 (1.6%) | loss: 5.4177 | ppl: 225.4 | lr: 2.00e-04 | dt: 1324ms | tok/s: 99,027
E03 step 001060/064000 (1.7%) | loss: 4.8537 | ppl: 128.2 | lr: 2.00e-04 | dt: 1323ms | tok/s: 99,043
E03 step 001070/064000 (1.7%) | loss: 4.9100 | ppl: 135.6 | lr: 2.00e-04 | dt: 1325ms | tok/s: 98,931
E03 step 001080/064000 (1.7%) | loss: 5.1177 | ppl: 167.0 | lr: 2.00e-04 | dt: 1324ms | tok/s: 98,990
E03 step 001090/064000 (1.7%) | loss: 5.0883 | ppl: 162.1 | lr: 2.00e-04 | dt: 1324ms | tok/s: 98,960
E03 step 001100/064000 (1.7%) | loss: 4.9849 | ppl: 146.2 | lr: 2.00e-04 | dt: 1325ms | tok/s: 98,888
E03 step 001110/064000 (1.7%) | loss: 4.7247 | ppl: 112.7 | lr: 2.00e-04 | dt: 1323ms | tok/s: 99,101
E03 step 001120/064000 (1.8%) | loss: 4.7901 | ppl: 120.3 | lr: 2.00e-04 | dt: 1323ms | tok/s: 99,077
E03 step 001130/064000 (1.8%) | loss: 4.8661 | ppl: 129.8 | lr: 2.00e-04 | dt: 1326ms | tok/s: 98,845
E03 step 001140/064000 (1.8%) | loss: 4.8403 | ppl: 126.5 | lr: 2.00e-04 | dt: 1323ms | tok/s: 99,062
E03 step 001150/064000 (1.8%) | loss: 4.7719 | ppl: 118.1 | lr: 2.00e-04 | dt: 1325ms | tok/s: 98,916
E03 step 001160/064000 (1.8%) | loss: 5.0030 | ppl: 148.9 | lr: 2.00e-04 | dt: 1324ms | tok/s: 98,991
E03 step 001170/064000 (1.8%) | loss: 4.6364 | ppl: 103.2 | lr: 2.00e-04 | dt: 1323ms | tok/s: 99,060
E03 step 001180/064000 (1.8%) | loss: 5.0067 | ppl: 149.4 | lr: 2.00e-04 | dt: 1322ms | tok/s: 99,152
E03 step 001190/064000 (1.9%) | loss: 4.8047 | ppl: 122.1 | lr: 2.00e-04 | dt: 1326ms | tok/s: 98,836
E03 step 001200/064000 (1.9%) | loss: 4.7167 | ppl: 111.8 | lr: 2.00e-04 | dt: 1322ms | tok/s: 99,143
E03 step 001210/064000 (1.9%) | loss: 4.9605 | ppl: 142.7 | lr: 2.00e-04 | dt: 1324ms | tok/s: 98,961
E03 step 001220/064000 (1.9%) | loss: 4.4251 | ppl: 83.5 | lr: 2.00e-04 | dt: 1327ms | tok/s: 98,805
E03 step 001230/064000 (1.9%) | loss: 4.6533 | ppl: 104.9 | lr: 2.00e-04 | dt: 1325ms | tok/s: 98,888
E03 step 001240/064000 (1.9%) | loss: 4.6792 | ppl: 107.7 | lr: 2.00e-04 | dt: 1326ms | tok/s: 98,877
E03 step 001250/064000 (2.0%) | loss: 5.0162 | ppl: 150.8 | lr: 2.00e-04 | dt: 1325ms | tok/s: 98,919
E03 step 001260/064000 (2.0%) | loss: 4.8814 | ppl: 131.8 | lr: 2.00e-04 | dt: 1325ms | tok/s: 98,945
E03 step 001270/064000 (2.0%) | loss: 4.8096 | ppl: 122.7 | lr: 2.00e-04 | dt: 1324ms | tok/s: 98,989
Epoch   4 | Step   1280 | Val loss: 4.7087 | Val ppl: 110.91 (best)
E04 step 001280/064000 (2.0%) | loss: 4.7201 | ppl: 112.2 | lr: 2.00e-04 | dt: 1353ms | tok/s: 96,845
E04 step 001290/064000 (2.0%) | loss: 4.3550 | ppl: 77.9 | lr: 2.00e-04 | dt: 1324ms | tok/s: 98,978
E04 step 001300/064000 (2.0%) | loss: 4.6096 | ppl: 100.4 | lr: 2.00e-04 | dt: 1322ms | tok/s: 99,176