### Starting TaskPrologue of job 3254696 on a0429 at Sat Dec 27 17:52:29 CET 2025
Running on cores 96-111 with governor ondemand
Sat Dec 27 17:52:29 2025       
+-----------------------------------------------------------------------------------------+
| NVIDIA-SMI 580.105.08             Driver Version: 580.105.08     CUDA Version: 13.0     |
+-----------------------------------------+------------------------+----------------------+
| GPU  Name                 Persistence-M | Bus-Id          Disp.A | Volatile Uncorr. ECC |
| Fan  Temp   Perf          Pwr:Usage/Cap |           Memory-Usage | GPU-Util  Compute M. |
|                                         |                        |               MIG M. |
|=========================================+========================+======================|
|   0  NVIDIA A40                     On  |   00000000:E1:00.0 Off |                  Off |
|  0%   36C    P8             30W /  300W |       0MiB /  49140MiB |      0%      Default |
|                                         |                        |                  N/A |
+-----------------------------------------+------------------------+----------------------+

+-----------------------------------------------------------------------------------------+
| Processes:                                                                              |
|  GPU   GI   CI              PID   Type   Process name                        GPU Memory |
|        ID   ID                                                               Usage      |
|=========================================================================================|
|  No running processes found                                                             |
+-----------------------------------------------------------------------------------------+
### Finished TaskPrologue

============================================================
TCT Training Job
============================================================
Job ID:     3254696
Node:       a0429
GPU:        a40 (a40)
Start:      Sat Dec 27 17:52:30 CET 2025
============================================================

Python 3.12 module not available, using conda
Python:  Python 3.12.12
PyTorch: 2.9.1+cu128
CUDA:    12.8
GPU:     NVIDIA A40

Starting training: kubernetes small

GPU: NVIDIA A40 (49GB) - batch sizes auto-scaled
============================================================
TCT Experiments
============================================================
Date: Sat Dec 27 17:52:38 CET 2025
GPU: NVIDIA A40 (49GB)
Data: /home/hpc/iwia/iwia104h/jonas/nanochat-tct/../data
Schemas: kubernetes
Sizes: small
Tokenizers: tct utf8
============================================================

============================================================
kubernetes (150 epochs)
============================================================
[START] kubernetes_tct_small at Sat Dec 27 17:52:38 CET 2025
2025-12-27 17:52:43,495 - nanochat.common - [32m[1mINFO[0m - Distributed world size: 1

                                                       █████                █████
                                                      ░░███                ░░███
     ████████    ██████   ████████    ██████   ██████  ░███████    ██████  ███████
    ░░███░░███  ░░░░░███ ░░███░░███  ███░░███ ███░░███ ░███░░███  ░░░░░███░░░███░
     ░███ ░███   ███████  ░███ ░███ ░███ ░███░███ ░░░  ░███ ░███   ███████  ░███
     ░███ ░███  ███░░███  ░███ ░███ ░███ ░███░███  ███ ░███ ░███  ███░░███  ░███ ███
     ████ █████░░████████ ████ █████░░██████ ░░██████  ████ █████░░███████  ░░█████
    ░░░░ ░░░░░  ░░░░░░░░ ░░░░ ░░░░░  ░░░░░░   ░░░░░░  ░░░░ ░░░░░  ░░░░░░░░   ░░░░░
    
Overriding: schema = kubernetes
Overriding: tokenizer = tct
Overriding: model_size = small
Overriding: data_root = /home/hpc/iwia/iwia104h/jonas/nanochat-tct/../data
Autodetected device type: cuda
================================================================================
EXPERIMENT: kubernetes / tct-BPE / small
================================================================================
Schema: kubernetes
Tokenizer: tct-BPE
Data path: /home/hpc/iwia/iwia104h/jonas/nanochat-tct/../data/kubernetes-tct-bpe
Vocab size: 20,000
Context size: 2048
Model size: small (52,997,120 params)
Dropout: 0.0

Batch size: 16
Gradient accumulation: 4
Effective batch size: 64
Learning rate: 0.0003 (cosine decay to 3.0e-05)

Epochs: 200
Steps per epoch: 320
Total steps: 64000
Warmup steps: 16
Save interval: every 6400 steps (10%)

Number of parameters: 51,937,280

Initializing dataloaders...
Dataset: kubernetes-tct-bpe
  Split: train (221,794 sequences)
  Vocab: 20,000
  Loaded 100,000 lines...
  Loaded 200,000 lines...
Loaded 221,794 sequences
  Average length: 190.8 tokens
  Truncate (>2048): 2,942 (1.3%)
  Pad (<2048): 218,851 (98.7%)
First batch shape: x=torch.Size([16, 2048]), y=torch.Size([16, 2048])

================================================================================
STARTING TRAINING
================================================================================

E00 step 000000/064000 (0.0%) | loss: 9.9035 | ppl: 20000.0 | lr: 1.87e-05 | dt: 25780ms | tok/s: 5,084
E00 step 000010/064000 (0.0%) | loss: 9.7657 | ppl: 17426.2 | lr: 2.06e-04 | dt: 571ms | tok/s: 229,400
E00 step 000020/064000 (0.0%) | loss: 9.3459 | ppl: 11451.5 | lr: 3.00e-04 | dt: 573ms | tok/s: 228,687
E00 step 000030/064000 (0.0%) | loss: 9.0740 | ppl: 8725.6 | lr: 3.00e-04 | dt: 575ms | tok/s: 227,862
E00 step 000040/064000 (0.1%) | loss: 8.8564 | ppl: 7019.2 | lr: 3.00e-04 | dt: 576ms | tok/s: 227,703
E00 step 000050/064000 (0.1%) | loss: 8.6609 | ppl: 5772.5 | lr: 3.00e-04 | dt: 579ms | tok/s: 226,200
E00 step 000060/064000 (0.1%) | loss: 8.6342 | ppl: 5620.7 | lr: 3.00e-04 | dt: 580ms | tok/s: 226,092
E00 step 000070/064000 (0.1%) | loss: 8.6765 | ppl: 5863.7 | lr: 3.00e-04 | dt: 580ms | tok/s: 225,853
E00 step 000080/064000 (0.1%) | loss: 8.6446 | ppl: 5679.2 | lr: 3.00e-04 | dt: 582ms | tok/s: 225,269
E00 step 000090/064000 (0.1%) | loss: 8.5942 | ppl: 5400.5 | lr: 3.00e-04 | dt: 584ms | tok/s: 224,321
E00 step 000100/064000 (0.2%) | loss: 8.5825 | ppl: 5337.7 | lr: 3.00e-04 | dt: 585ms | tok/s: 224,031
E00 step 000110/064000 (0.2%) | loss: 8.5951 | ppl: 5405.1 | lr: 3.00e-04 | dt: 584ms | tok/s: 224,278
E00 step 000120/064000 (0.2%) | loss: 8.6767 | ppl: 5864.5 | lr: 3.00e-04 | dt: 587ms | tok/s: 223,395
E00 step 000130/064000 (0.2%) | loss: 8.7048 | ppl: 6031.8 | lr: 3.00e-04 | dt: 585ms | tok/s: 223,953
E00 step 000140/064000 (0.2%) | loss: 8.6785 | ppl: 5875.1 | lr: 3.00e-04 | dt: 588ms | tok/s: 222,773
E00 step 000150/064000 (0.2%) | loss: 8.5825 | ppl: 5337.6 | lr: 3.00e-04 | dt: 588ms | tok/s: 222,828
E00 step 000160/064000 (0.2%) | loss: 8.6211 | ppl: 5547.6 | lr: 3.00e-04 | dt: 592ms | tok/s: 221,334
E00 step 000170/064000 (0.3%) | loss: 8.4909 | ppl: 4870.3 | lr: 3.00e-04 | dt: 590ms | tok/s: 222,184
E00 step 000180/064000 (0.3%) | loss: 8.5194 | ppl: 5010.9 | lr: 3.00e-04 | dt: 589ms | tok/s: 222,661
E00 step 000190/064000 (0.3%) | loss: 8.4218 | ppl: 4545.3 | lr: 3.00e-04 | dt: 589ms | tok/s: 222,395
E00 step 000200/064000 (0.3%) | loss: 8.5296 | ppl: 5062.5 | lr: 3.00e-04 | dt: 590ms | tok/s: 222,276
E00 step 000210/064000 (0.3%) | loss: 8.4848 | ppl: 4840.8 | lr: 3.00e-04 | dt: 588ms | tok/s: 222,810
E00 step 000220/064000 (0.3%) | loss: 8.4556 | ppl: 4701.2 | lr: 3.00e-04 | dt: 588ms | tok/s: 222,798
E00 step 000230/064000 (0.4%) | loss: 8.4790 | ppl: 4812.6 | lr: 3.00e-04 | dt: 590ms | tok/s: 222,149
E00 step 000240/064000 (0.4%) | loss: 8.4357 | ppl: 4608.5 | lr: 3.00e-04 | dt: 591ms | tok/s: 221,770
E00 step 000250/064000 (0.4%) | loss: 8.4203 | ppl: 4538.5 | lr: 3.00e-04 | dt: 592ms | tok/s: 221,340
E00 step 000260/064000 (0.4%) | loss: 8.3745 | ppl: 4335.0 | lr: 3.00e-04 | dt: 591ms | tok/s: 221,665
E00 step 000270/064000 (0.4%) | loss: 8.4177 | ppl: 4526.3 | lr: 3.00e-04 | dt: 593ms | tok/s: 221,062
E00 step 000280/064000 (0.4%) | loss: 8.2729 | ppl: 3916.5 | lr: 3.00e-04 | dt: 591ms | tok/s: 221,635
E00 step 000290/064000 (0.5%) | loss: 8.3161 | ppl: 4089.2 | lr: 3.00e-04 | dt: 591ms | tok/s: 221,792
E00 step 000300/064000 (0.5%) | loss: 8.3196 | ppl: 4103.4 | lr: 3.00e-04 | dt: 593ms | tok/s: 221,192
E00 step 000310/064000 (0.5%) | loss: 8.2612 | ppl: 3870.6 | lr: 3.00e-04 | dt: 593ms | tok/s: 221,212
Epoch   1 | Step    320 | Val loss: 8.3330 | Val ppl: 4158.91 (best)
E01 step 000320/064000 (0.5%) | loss: 8.3772 | ppl: 4347.0 | lr: 3.00e-04 | dt: 637ms | tok/s: 205,754
E01 step 000330/064000 (0.5%) | loss: 8.3189 | ppl: 4100.7 | lr: 3.00e-04 | dt: 588ms | tok/s: 223,080
E01 step 000340/064000 (0.5%) | loss: 8.1689 | ppl: 3529.4 | lr: 3.00e-04 | dt: 589ms | tok/s: 222,519
E01 step 000350/064000 (0.5%) | loss: 8.1520 | ppl: 3470.4 | lr: 3.00e-04 | dt: 593ms | tok/s: 220,982
E01 step 000360/064000 (0.6%) | loss: 8.1055 | ppl: 3312.7 | lr: 3.00e-04 | dt: 591ms | tok/s: 221,862
E01 step 000370/064000 (0.6%) | loss: 8.2105 | ppl: 3679.5 | lr: 3.00e-04 | dt: 591ms | tok/s: 221,626
E01 step 000380/064000 (0.6%) | loss: 8.2486 | ppl: 3822.4 | lr: 3.00e-04 | dt: 592ms | tok/s: 221,281
E01 step 000390/064000 (0.6%) | loss: 8.1630 | ppl: 3508.8 | lr: 3.00e-04 | dt: 592ms | tok/s: 221,396
E01 step 000400/064000 (0.6%) | loss: 8.1454 | ppl: 3447.4 | lr: 3.00e-04 | dt: 592ms | tok/s: 221,315
E01 step 000410/064000 (0.6%) | loss: 8.0573 | ppl: 3156.6 | lr: 3.00e-04 | dt: 592ms | tok/s: 221,543
E01 step 000420/064000 (0.7%) | loss: 8.0759 | ppl: 3215.9 | lr: 3.00e-04 | dt: 594ms | tok/s: 220,782
E01 step 000430/064000 (0.7%) | loss: 8.0688 | ppl: 3193.2 | lr: 3.00e-04 | dt: 593ms | tok/s: 221,010
E01 step 000440/064000 (0.7%) | loss: 8.0392 | ppl: 3100.0 | lr: 3.00e-04 | dt: 593ms | tok/s: 221,000
E01 step 000450/064000 (0.7%) | loss: 8.0045 | ppl: 2994.5 | lr: 3.00e-04 | dt: 593ms | tok/s: 220,881
E01 step 000460/064000 (0.7%) | loss: 7.8299 | ppl: 2514.7 | lr: 3.00e-04 | dt: 593ms | tok/s: 221,138
E01 step 000470/064000 (0.7%) | loss: 7.8564 | ppl: 2582.3 | lr: 3.00e-04 | dt: 599ms | tok/s: 218,840
E01 step 000480/064000 (0.8%) | loss: 7.9833 | ppl: 2931.6 | lr: 3.00e-04 | dt: 593ms | tok/s: 221,021
E01 step 000490/064000 (0.8%) | loss: 7.9699 | ppl: 2892.7 | lr: 3.00e-04 | dt: 592ms | tok/s: 221,300
E01 step 000500/064000 (0.8%) | loss: 7.8394 | ppl: 2538.7 | lr: 3.00e-04 | dt: 591ms | tok/s: 221,636
E01 step 000510/064000 (0.8%) | loss: 7.5908 | ppl: 1979.9 | lr: 3.00e-04 | dt: 591ms | tok/s: 221,600
E01 step 000520/064000 (0.8%) | loss: 7.7001 | ppl: 2208.5 | lr: 3.00e-04 | dt: 592ms | tok/s: 221,433
E01 step 000530/064000 (0.8%) | loss: 7.4924 | ppl: 1794.4 | lr: 3.00e-04 | dt: 592ms | tok/s: 221,289
E01 step 000540/064000 (0.8%) | loss: 7.5679 | ppl: 1935.0 | lr: 3.00e-04 | dt: 592ms | tok/s: 221,304
E01 step 000550/064000 (0.9%) | loss: 7.6114 | ppl: 2021.1 | lr: 3.00e-04 | dt: 591ms | tok/s: 221,796
E01 step 000560/064000 (0.9%) | loss: 7.5361 | ppl: 1874.5 | lr: 3.00e-04 | dt: 591ms | tok/s: 221,698
E01 step 000570/064000 (0.9%) | loss: 7.5069 | ppl: 1820.5 | lr: 3.00e-04 | dt: 593ms | tok/s: 221,030
E01 step 000580/064000 (0.9%) | loss: 7.5505 | ppl: 1901.8 | lr: 3.00e-04 | dt: 592ms | tok/s: 221,467
E01 step 000590/064000 (0.9%) | loss: 7.5837 | ppl: 1965.9 | lr: 3.00e-04 | dt: 592ms | tok/s: 221,547
E01 step 000600/064000 (0.9%) | loss: 7.5191 | ppl: 1843.0 | lr: 3.00e-04 | dt: 592ms | tok/s: 221,456
E01 step 000610/064000 (1.0%) | loss: 7.3619 | ppl: 1574.8 | lr: 3.00e-04 | dt: 591ms | tok/s: 221,696
E01 step 000620/064000 (1.0%) | loss: 7.3703 | ppl: 1588.1 | lr: 3.00e-04 | dt: 590ms | tok/s: 222,080
E01 step 000630/064000 (1.0%) | loss: 7.1066 | ppl: 1220.0 | lr: 3.00e-04 | dt: 591ms | tok/s: 221,718
Epoch   2 | Step    640 | Val loss: 7.2232 | Val ppl: 1370.81 (best)
E02 step 000640/064000 (1.0%) | loss: 7.0846 | ppl: 1193.4 | lr: 3.00e-04 | dt: 643ms | tok/s: 203,714
E02 step 000650/064000 (1.0%) | loss: 6.9720 | ppl: 1066.3 | lr: 3.00e-04 | dt: 592ms | tok/s: 221,490
E02 step 000660/064000 (1.0%) | loss: 7.0782 | ppl: 1185.9 | lr: 3.00e-04 | dt: 593ms | tok/s: 220,999
E02 step 000670/064000 (1.0%) | loss: 7.1800 | ppl: 1312.9 | lr: 3.00e-04 | dt: 592ms | tok/s: 221,338
E02 step 000680/064000 (1.1%) | loss: 7.1803 | ppl: 1313.3 | lr: 3.00e-04 | dt: 591ms | tok/s: 221,803
E02 step 000690/064000 (1.1%) | loss: 6.9480 | ppl: 1041.1 | lr: 3.00e-04 | dt: 592ms | tok/s: 221,376
E02 step 000700/064000 (1.1%) | loss: 6.8366 | ppl: 931.3 | lr: 3.00e-04 | dt: 594ms | tok/s: 220,814
E02 step 000710/064000 (1.1%) | loss: 6.7281 | ppl: 835.6 | lr: 3.00e-04 | dt: 593ms | tok/s: 221,197
E02 step 000720/064000 (1.1%) | loss: 6.6544 | ppl: 776.2 | lr: 3.00e-04 | dt: 593ms | tok/s: 221,216
E02 step 000730/064000 (1.1%) | loss: 6.6865 | ppl: 801.5 | lr: 3.00e-04 | dt: 592ms | tok/s: 221,439
E02 step 000740/064000 (1.2%) | loss: 6.8771 | ppl: 969.8 | lr: 3.00e-04 | dt: 593ms | tok/s: 220,917
E02 step 000750/064000 (1.2%) | loss: 6.7916 | ppl: 890.3 | lr: 3.00e-04 | dt: 593ms | tok/s: 220,848
E02 step 000760/064000 (1.2%) | loss: 6.7686 | ppl: 870.1 | lr: 3.00e-04 | dt: 593ms | tok/s: 221,061
E02 step 000770/064000 (1.2%) | loss: 6.6645 | ppl: 784.0 | lr: 3.00e-04 | dt: 592ms | tok/s: 221,282
E02 step 000780/064000 (1.2%) | loss: 6.3010 | ppl: 545.1 | lr: 3.00e-04 | dt: 593ms | tok/s: 221,167
E02 step 000790/064000 (1.2%) | loss: 6.5943 | ppl: 730.9 | lr: 3.00e-04 | dt: 593ms | tok/s: 220,912
E02 step 000800/064000 (1.2%) | loss: 6.5046 | ppl: 668.2 | lr: 3.00e-04 | dt: 592ms | tok/s: 221,562
E02 step 000810/064000 (1.3%) | loss: 6.5403 | ppl: 692.5 | lr: 3.00e-04 | dt: 592ms | tok/s: 221,291
E02 step 000820/064000 (1.3%) | loss: 6.4506 | ppl: 633.1 | lr: 3.00e-04 | dt: 596ms | tok/s: 219,809
E02 step 000830/064000 (1.3%) | loss: 6.3959 | ppl: 599.4 | lr: 3.00e-04 | dt: 593ms | tok/s: 221,056
E02 step 000840/064000 (1.3%) | loss: 6.1939 | ppl: 489.8 | lr: 3.00e-04 | dt: 591ms | tok/s: 221,782
E02 step 000850/064000 (1.3%) | loss: 6.3036 | ppl: 546.5 | lr: 3.00e-04 | dt: 593ms | tok/s: 221,142
E02 step 000860/064000 (1.3%) | loss: 6.4374 | ppl: 624.8 | lr: 3.00e-04 | dt: 591ms | tok/s: 221,669
E02 step 000870/064000 (1.4%) | loss: 6.3671 | ppl: 582.4 | lr: 3.00e-04 | dt: 591ms | tok/s: 221,598
E02 step 000880/064000 (1.4%) | loss: 6.2674 | ppl: 527.1 | lr: 3.00e-04 | dt: 592ms | tok/s: 221,397
E02 step 000890/064000 (1.4%) | loss: 6.3609 | ppl: 578.8 | lr: 3.00e-04 | dt: 592ms | tok/s: 221,353
E02 step 000900/064000 (1.4%) | loss: 6.0891 | ppl: 441.0 | lr: 3.00e-04 | dt: 591ms | tok/s: 221,740
E02 step 000910/064000 (1.4%) | loss: 5.8516 | ppl: 347.8 | lr: 3.00e-04 | dt: 594ms | tok/s: 220,751
E02 step 000920/064000 (1.4%) | loss: 6.2141 | ppl: 499.7 | lr: 3.00e-04 | dt: 593ms | tok/s: 220,987
E02 step 000930/064000 (1.5%) | loss: 6.2019 | ppl: 493.7 | lr: 3.00e-04 | dt: 593ms | tok/s: 221,065
E02 step 000940/064000 (1.5%) | loss: 6.4509 | ppl: 633.2 | lr: 3.00e-04 | dt: 594ms | tok/s: 220,725
E02 step 000950/064000 (1.5%) | loss: 6.2642 | ppl: 525.4 | lr: 3.00e-04 | dt: 593ms | tok/s: 221,085
Epoch   3 | Step    960 | Val loss: 6.0570 | Val ppl: 427.07 (best)
E03 step 000960/064000 (1.5%) | loss: 6.3137 | ppl: 552.1 | lr: 3.00e-04 | dt: 641ms | tok/s: 204,618
E03 step 000970/064000 (1.5%) | loss: 5.8807 | ppl: 358.1 | lr: 3.00e-04 | dt: 592ms | tok/s: 221,383
E03 step 000980/064000 (1.5%) | loss: 5.9357 | ppl: 378.3 | lr: 3.00e-04 | dt: 593ms | tok/s: 221,052
E03 step 000990/064000 (1.5%) | loss: 5.9607 | ppl: 387.9 | lr: 3.00e-04 | dt: 592ms | tok/s: 221,276
E03 step 001000/064000 (1.6%) | loss: 5.7405 | ppl: 311.2 | lr: 3.00e-04 | dt: 592ms | tok/s: 221,232
E03 step 001010/064000 (1.6%) | loss: 5.9231 | ppl: 373.6 | lr: 3.00e-04 | dt: 592ms | tok/s: 221,379
E03 step 001020/064000 (1.6%) | loss: 5.9856 | ppl: 397.7 | lr: 3.00e-04 | dt: 591ms | tok/s: 221,645
E03 step 001030/064000 (1.6%) | loss: 5.9597 | ppl: 387.5 | lr: 3.00e-04 | dt: 592ms | tok/s: 221,258
E03 step 001040/064000 (1.6%) | loss: 5.9574 | ppl: 386.6 | lr: 3.00e-04 | dt: 593ms | tok/s: 220,975
E03 step 001050/064000 (1.6%) | loss: 5.9123 | ppl: 369.6 | lr: 3.00e-04 | dt: 595ms | tok/s: 220,412
E03 step 001060/064000 (1.7%) | loss: 5.7107 | ppl: 302.1 | lr: 3.00e-04 | dt: 592ms | tok/s: 221,552
E03 step 001070/064000 (1.7%) | loss: 5.8114 | ppl: 334.1 | lr: 3.00e-04 | dt: 595ms | tok/s: 220,361
E03 step 001080/064000 (1.7%) | loss: 5.9202 | ppl: 372.5 | lr: 3.00e-04 | dt: 593ms | tok/s: 221,054
E03 step 001090/064000 (1.7%) | loss: 5.7007 | ppl: 299.1 | lr: 3.00e-04 | dt: 592ms | tok/s: 221,377
E03 step 001100/064000 (1.7%) | loss: 5.5771 | ppl: 264.3 | lr: 3.00e-04 | dt: 593ms | tok/s: 221,003
E03 step 001110/064000 (1.7%) | loss: 5.3437 | ppl: 209.3 | lr: 3.00e-04 | dt: 593ms | tok/s: 221,062
E03 step 001120/064000 (1.8%) | loss: 5.5258 | ppl: 251.1 | lr: 3.00e-04 | dt: 591ms | tok/s: 221,626
E03 step 001130/064000 (1.8%) | loss: 5.5375 | ppl: 254.0 | lr: 3.00e-04 | dt: 592ms | tok/s: 221,474
E03 step 001140/064000 (1.8%) | loss: 5.5584 | ppl: 259.4 | lr: 3.00e-04 | dt: 594ms | tok/s: 220,831
E03 step 001150/064000 (1.8%) | loss: 5.5852 | ppl: 266.5 | lr: 3.00e-04 | dt: 593ms | tok/s: 221,149
E03 step 001160/064000 (1.8%) | loss: 5.6642 | ppl: 288.4 | lr: 3.00e-04 | dt: 595ms | tok/s: 220,208
E03 step 001170/064000 (1.8%) | loss: 5.4294 | ppl: 228.0 | lr: 3.00e-04 | dt: 591ms | tok/s: 221,709
E03 step 001180/064000 (1.8%) | loss: 5.5448 | ppl: 255.9 | lr: 3.00e-04 | dt: 594ms | tok/s: 220,732
E03 step 001190/064000 (1.9%) | loss: 5.4073 | ppl: 223.0 | lr: 3.00e-04 | dt: 593ms | tok/s: 221,103
E03 step 001200/064000 (1.9%) | loss: 5.4709 | ppl: 237.7 | lr: 3.00e-04 | dt: 594ms | tok/s: 220,770
E03 step 001210/064000 (1.9%) | loss: 5.5399 | ppl: 254.7 | lr: 3.00e-04 | dt: 594ms | tok/s: 220,825
E03 step 001220/064000 (1.9%) | loss: 5.3478 | ppl: 210.2 | lr: 3.00e-04 | dt: 594ms | tok/s: 220,629
E03 step 001230/064000 (1.9%) | loss: 5.3069 | ppl: 201.7 | lr: 3.00e-04 | dt: 592ms | tok/s: 221,389
E03 step 001240/064000 (1.9%) | loss: 5.3539 | ppl: 211.4 | lr: 3.00e-04 | dt: 593ms | tok/s: 221,139
E03 step 001250/064000 (2.0%) | loss: 5.5098 | ppl: 247.1 | lr: 3.00e-04 | dt: 594ms | tok/s: 220,583
E03 step 001260/064000 (2.0%) | loss: 5.4269 | ppl: 227.4 | lr: 3.00e-04 | dt: 592ms | tok/s: 221,461
E03 step 001270/064000 (2.0%) | loss: 5.3519 | ppl: 211.0 | lr: 3.00e-04 | dt: 591ms | tok/s: 221,630
Epoch   4 | Step   1280 | Val loss: 5.2428 | Val ppl: 189.21 (best)
E04 step 001280/064000 (2.0%) | loss: 5.3198 | ppl: 204.4 | lr: 3.00e-04 | dt: 643ms | tok/s: 203,961
E04 step 001290/064000 (2.0%) | loss: 4.9512 | ppl: 141.3 | lr: 3.00e-04 | dt: 595ms | tok/s: 220,445
E04 step 001300/064000 (2.0%) | loss: 4.9455 | ppl: 140.5 | lr: 3.00e-04 | dt: 594ms | tok/s: 220,573
E04 step 001310/064000 (2.0%) | loss: 5.0674 | ppl: 158.8 | lr: 3.00e-04 | dt: 593ms | tok/s: 221,115
E04 step 001320/064000 (2.1%) | loss: 5.2624 | ppl: 192.9 | lr: 3.00e-04 | dt: 593ms | tok/s: 221,208
E04 step 001330/064000 (2.1%) | loss: 5.2602 | ppl: 192.5 | lr: 3.00e-04 | dt: 594ms | tok/s: 220,814
E04 step 001340/064000 (2.1%) | loss: 5.1945 | ppl: 180.3 | lr: 3.00e-04 | dt: 593ms | tok/s: 221,166
E04 step 001350/064000 (2.1%) | loss: 5.0786 | ppl: 160.5 | lr: 3.00e-04 | dt: 594ms | tok/s: 220,610
E04 step 001360/064000 (2.1%) | loss: 4.9216 | ppl: 137.2 | lr: 3.00e-04 | dt: 596ms | tok/s: 219,970
E04 step 001370/064000 (2.1%) | loss: 5.0187 | ppl: 151.2 | lr: 3.00e-04 | dt: 594ms | tok/s: 220,687
E04 step 001380/064000 (2.2%) | loss: 4.7863 | ppl: 119.9 | lr: 3.00e-04 | dt: 597ms | tok/s: 219,664
E04 step 001390/064000 (2.2%) | loss: 5.0341 | ppl: 153.6 | lr: 3.00e-04 | dt: 593ms | tok/s: 221,091
E04 step 001400/064000 (2.2%) | loss: 5.2170 | ppl: 184.4 | lr: 3.00e-04 | dt: 592ms | tok/s: 221,231
E04 step 001410/064000 (2.2%) | loss: 4.8070 | ppl: 122.4 | lr: 3.00e-04 | dt: 592ms | tok/s: 221,245
E04 step 001420/064000 (2.2%) | loss: 5.1689 | ppl: 175.7 | lr: 3.00e-04 | dt: 595ms | tok/s: 220,213
E04 step 001430/064000 (2.2%) | loss: 5.1296 | ppl: 168.9 | lr: 3.00e-04 | dt: 593ms | tok/s: 220,974
E04 step 001440/064000 (2.2%) | loss: 5.2244 | ppl: 185.7 | lr: 3.00e-04 | dt: 594ms | tok/s: 220,788
E04 step 001450/064000 (2.3%) | loss: 5.1825 | ppl: 178.1 | lr: 3.00e-04 | dt: 597ms | tok/s: 219,554
E04 step 001460/064000 (2.3%) | loss: 4.9521 | ppl: 141.5 | lr: 3.00e-04 | dt: 594ms | tok/s: 220,732
E04 step 001470/064000 (2.3%) | loss: 4.7981 | ppl: 121.3 | lr: 3.00e-04 | dt: 593ms | tok/s: 221,061
E04 step 001480/064000 (2.3%) | loss: 4.8534 | ppl: 128.2 | lr: 3.00e-04 | dt: 594ms | tok/s: 220,805
E04 step 001490/064000 (2.3%) | loss: 4.9997 | ppl: 148.4 | lr: 3.00e-04 | dt: 593ms | tok/s: 221,108
E04 step 001500/064000 (2.3%) | loss: 5.0085 | ppl: 149.7 | lr: 3.00e-04 | dt: 592ms | tok/s: 221,412
E04 step 001510/064000 (2.4%) | loss: 4.6873 | ppl: 108.6 | lr: 3.00e-04 | dt: 594ms | tok/s: 220,645
E04 step 001520/064000 (2.4%) | loss: 4.8209 | ppl: 124.1 | lr: 3.00e-04 | dt: 593ms | tok/s: 220,934
E04 step 001530/064000 (2.4%) | loss: 4.6817 | ppl: 108.0 | lr: 3.00e-04 | dt: 592ms | tok/s: 221,520
E04 step 001540/064000 (2.4%) | loss: 4.7345 | ppl: 113.8 | lr: 3.00e-04 | dt: 592ms | tok/s: 221,437
E04 step 001550/064000 (2.4%) | loss: 4.7220 | ppl: 112.4 | lr: 3.00e-04 | dt: 598ms | tok/s: 219,229
E04 step 001560/064000 (2.4%) | loss: 5.0602 | ppl: 157.6 | lr: 3.00e-04 | dt: 595ms | tok/s: 220,398
E04 step 001570/064000 (2.5%) | loss: 4.6776 | ppl: 107.5 | lr: 3.00e-04 | dt: 595ms | tok/s: 220,220
E04 step 001580/064000 (2.5%) | loss: 4.4640 | ppl: 86.8 | lr: 3.00e-04 | dt: 594ms | tok/s: 220,820
E04 step 001590/064000 (2.5%) | loss: 4.5539 | ppl: 95.0 | lr: 3.00e-04 | dt: 594ms | tok/s: 220,591
Epoch   5 | Step   1600 | Val loss: 4.6893 | Val ppl: 108.77 (best)
E05 step 001600/064000 (2.5%) | loss: 4.6589 | ppl: 105.5 | lr: 3.00e-04 | dt: 644ms | tok/s: 203,575
E05 step 001610/064000 (2.5%) | loss: 4.4484 | ppl: 85.5 | lr: 3.00e-04 | dt: 593ms | tok/s: 220,965
E05 step 001620/064000 (2.5%) | loss: 4.2086 | ppl: 67.3 | lr: 3.00e-04 | dt: 592ms | tok/s: 221,567
E05 step 001630/064000 (2.5%) | loss: 4.8191 | ppl: 123.9 | lr: 3.00e-04 | dt: 593ms | tok/s: 221,202
E05 step 001640/064000 (2.6%) | loss: 4.4680 | ppl: 87.2 | lr: 3.00e-04 | dt: 595ms | tok/s: 220,344
E05 step 001650/064000 (2.6%) | loss: 4.6803 | ppl: 107.8 | lr: 3.00e-04 | dt: 593ms | tok/s: 221,149
E05 step 001660/064000 (2.6%) | loss: 4.5000 | ppl: 90.0 | lr: 3.00e-04 | dt: 593ms | tok/s: 220,905
E05 step 001670/064000 (2.6%) | loss: 4.3369 | ppl: 76.5 | lr: 3.00e-04 | dt: 593ms | tok/s: 221,082
E05 step 001680/064000 (2.6%) | loss: 4.6260 | ppl: 102.1 | lr: 3.00e-04 | dt: 593ms | tok/s: 220,948
E05 step 001690/064000 (2.6%) | loss: 4.5268 | ppl: 92.5 | lr: 3.00e-04 | dt: 592ms | tok/s: 221,413
E05 step 001700/064000 (2.7%) | loss: 4.5163 | ppl: 91.5 | lr: 3.00e-04 | dt: 592ms | tok/s: 221,324
E05 step 001710/064000 (2.7%) | loss: 4.7056 | ppl: 110.6 | lr: 3.00e-04 | dt: 594ms | tok/s: 220,743
E05 step 001720/064000 (2.7%) | loss: 4.8864 | ppl: 132.5 | lr: 3.00e-04 | dt: 592ms | tok/s: 221,442
E05 step 001730/064000 (2.7%) | loss: 4.7126 | ppl: 111.3 | lr: 3.00e-04 | dt: 595ms | tok/s: 220,314
E05 step 001740/064000 (2.7%) | loss: 4.6157 | ppl: 101.1 | lr: 3.00e-04 | dt: 593ms | tok/s: 221,060
E05 step 001750/064000 (2.7%) | loss: 4.5869 | ppl: 98.2 | lr: 3.00e-04 | dt: 594ms | tok/s: 220,489
E05 step 001760/064000 (2.8%) | loss: 4.4535 | ppl: 85.9 | lr: 3.00e-04 | dt: 593ms | tok/s: 221,115
E05 step 001770/064000 (2.8%) | loss: 4.5905 | ppl: 98.5 | lr: 2.99e-04 | dt: 593ms | tok/s: 221,055
E05 step 001780/064000 (2.8%) | loss: 4.4009 | ppl: 81.5 | lr: 2.99e-04 | dt: 594ms | tok/s: 220,569
E05 step 001790/064000 (2.8%) | loss: 4.2272 | ppl: 68.5 | lr: 2.99e-04 | dt: 593ms | tok/s: 221,209
E05 step 001800/064000 (2.8%) | loss: 4.3641 | ppl: 78.6 | lr: 2.99e-04 | dt: 593ms | tok/s: 221,129
E05 step 001810/064000 (2.8%) | loss: 4.2456 | ppl: 69.8 | lr: 2.99e-04 | dt: 591ms | tok/s: 221,619
E05 step 001820/064000 (2.8%) | loss: 4.2992 | ppl: 73.6 | lr: 2.99e-04 | dt: 594ms | tok/s: 220,694
E05 step 001830/064000 (2.9%) | loss: 4.3938 | ppl: 80.9 | lr: 2.99e-04 | dt: 593ms | tok/s: 221,101
E05 step 001840/064000 (2.9%) | loss: 4.3521 | ppl: 77.6 | lr: 2.99e-04 | dt: 595ms | tok/s: 220,413
E05 step 001850/064000 (2.9%) | loss: 4.4882 | ppl: 89.0 | lr: 2.99e-04 | dt: 593ms | tok/s: 220,929
E05 step 001860/064000 (2.9%) | loss: 4.0597 | ppl: 58.0 | lr: 2.99e-04 | dt: 594ms | tok/s: 220,688
E05 step 001870/064000 (2.9%) | loss: 4.2120 | ppl: 67.5 | lr: 2.99e-04 | dt: 596ms | tok/s: 220,095
E05 step 001880/064000 (2.9%) | loss: 4.3259 | ppl: 75.6 | lr: 2.99e-04 | dt: 592ms | tok/s: 221,275
E05 step 001890/064000 (3.0%) | loss: 4.0753 | ppl: 58.9 | lr: 2.99e-04 | dt: 593ms | tok/s: 221,097
E05 step 001900/064000 (3.0%) | loss: 4.1332 | ppl: 62.4 | lr: 2.99e-04 | dt: 593ms | tok/s: 221,142
E05 step 001910/064000 (3.0%) | loss: 4.1248 | ppl: 61.9 | lr: 2.99e-04 | dt: 593ms | tok/s: 221,095
Epoch   6 | Step   1920 | Val loss: 4.2848 | Val ppl: 72.59 (best)
E06 step 001920/064000 (3.0%) | loss: 4.1982 | ppl: 66.6 | lr: 2.99e-04 | dt: 643ms | tok/s: 203,957
E06 step 001930/064000 (3.0%) | loss: 4.2983 | ppl: 73.6 | lr: 2.99e-04 | dt: 594ms | tok/s: 220,818
E06 step 001940/064000 (3.0%) | loss: 4.3805 | ppl: 79.9 | lr: 2.99e-04 | dt: 593ms | tok/s: 221,181
E06 step 001950/064000 (3.0%) | loss: 4.2539 | ppl: 70.4 | lr: 2.99e-04 | dt: 592ms | tok/s: 221,309
E06 step 001960/064000 (3.1%) | loss: 4.4054 | ppl: 81.9 | lr: 2.99e-04 | dt: 596ms | tok/s: 219,859
E06 step 001970/064000 (3.1%) | loss: 4.2411 | ppl: 69.5 | lr: 2.99e-04 | dt: 594ms | tok/s: 220,792
E06 step 001980/064000 (3.1%) | loss: 4.3014 | ppl: 73.8 | lr: 2.99e-04 | dt: 591ms | tok/s: 221,649
E06 step 001990/064000 (3.1%) | loss: 4.2308 | ppl: 68.8 | lr: 2.99e-04 | dt: 592ms | tok/s: 221,292
E06 step 002000/064000 (3.1%) | loss: 4.5323 | ppl: 93.0 | lr: 2.99e-04 | dt: 592ms | tok/s: 221,297
E06 step 002010/064000 (3.1%) | loss: 4.3917 | ppl: 80.8 | lr: 2.99e-04 | dt: 591ms | tok/s: 221,605
E06 step 002020/064000 (3.2%) | loss: 4.2342 | ppl: 69.0 | lr: 2.99e-04 | dt: 593ms | tok/s: 221,203
E06 step 002030/064000 (3.2%) | loss: 4.1536 | ppl: 63.7 | lr: 2.99e-04 | dt: 593ms | tok/s: 221,141
E06 step 002040/064000 (3.2%) | loss: 4.0691 | ppl: 58.5 | lr: 2.99e-04 | dt: 593ms | tok/s: 220,896
E06 step 002050/064000 (3.2%) | loss: 3.9417 | ppl: 51.5 | lr: 2.99e-04 | dt: 593ms | tok/s: 221,114
E06 step 002060/064000 (3.2%) | loss: 4.1891 | ppl: 66.0 | lr: 2.99e-04 | dt: 592ms | tok/s: 221,293
E06 step 002070/064000 (3.2%) | loss: 4.0125 | ppl: 55.3 | lr: 2.99e-04 | dt: 592ms | tok/s: 221,422
E06 step 002080/064000 (3.2%) | loss: 3.7375 | ppl: 42.0 | lr: 2.99e-04 | dt: 593ms | tok/s: 221,133
E06 step 002090/064000 (3.3%) | loss: 3.8740 | ppl: 48.1 | lr: 2.99e-04 | dt: 591ms | tok/s: 221,648
E06 step 002100/064000 (3.3%) | loss: 3.9110 | ppl: 49.9 | lr: 2.99e-04 | dt: 594ms | tok/s: 220,698
E06 step 002110/064000 (3.3%) | loss: 4.2304 | ppl: 68.7 | lr: 2.99e-04 | dt: 593ms | tok/s: 220,947
E06 step 002120/064000 (3.3%) | loss: 4.1668 | ppl: 64.5 | lr: 2.99e-04 | dt: 592ms | tok/s: 221,562
E06 step 002130/064000 (3.3%) | loss: 4.6628 | ppl: 105.9 | lr: 2.99e-04 | dt: 594ms | tok/s: 220,812
E06 step 002140/064000 (3.3%) | loss: 4.5533 | ppl: 94.9 | lr: 2.99e-04 | dt: 593ms | tok/s: 220,934
E06 step 002150/064000 (3.4%) | loss: 4.0863 | ppl: 59.5 | lr: 2.99e-04 | dt: 596ms | tok/s: 220,093
E06 step 002160/064000 (3.4%) | loss: 3.8895 | ppl: 48.9 | lr: 2.99e-04 | dt: 592ms | tok/s: 221,406
E06 step 002170/064000 (3.4%) | loss: 4.3523 | ppl: 77.7 | lr: 2.99e-04 | dt: 592ms | tok/s: 221,411
E06 step 002180/064000 (3.4%) | loss: 4.3299 | ppl: 75.9 | lr: 2.99e-04 | dt: 593ms | tok/s: 220,960
E06 step 002190/064000 (3.4%) | loss: 4.0203 | ppl: 55.7 | lr: 2.99e-04 | dt: 593ms | tok/s: 221,025
E06 step 002200/064000 (3.4%) | loss: 4.1880 | ppl: 65.9 | lr: 2.99e-04 | dt: 592ms | tok/s: 221,592
E06 step 002210/064000 (3.5%) | loss: 4.0650 | ppl: 58.3 | lr: 2.99e-04 | dt: 592ms | tok/s: 221,513
E06 step 002220/064000 (3.5%) | loss: 4.3300 | ppl: 75.9 | lr: 2.99e-04 | dt: 592ms | tok/s: 221,567
E06 step 002230/064000 (3.5%) | loss: 4.1559 | ppl: 63.8 | lr: 2.99e-04 | dt: 592ms | tok/s: 221,393
Epoch   7 | Step   2240 | Val loss: 3.9753 | Val ppl: 53.26 (best)
E07 step 002240/064000 (3.5%) | loss: 4.3215 | ppl: 75.3 | lr: 2.99e-04 | dt: 644ms | tok/s: 203,574
E07 step 002250/064000 (3.5%) | loss: 3.9396 | ppl: 51.4 | lr: 2.99e-04 | dt: 593ms | tok/s: 221,013
E07 step 002260/064000 (3.5%) | loss: 4.0385 | ppl: 56.7 | lr: 2.99e-04 | dt: 593ms | tok/s: 221,189
E07 step 002270/064000 (3.5%) | loss: 4.2093 | ppl: 67.3 | lr: 2.99e-04 | dt: 592ms | tok/s: 221,494
E07 step 002280/064000 (3.6%) | loss: 4.0052 | ppl: 54.9 | lr: 2.99e-04 | dt: 592ms | tok/s: 221,416
E07 step 002290/064000 (3.6%) | loss: 3.5208 | ppl: 33.8 | lr: 2.99e-04 | dt: 593ms | tok/s: 221,072
E07 step 002300/064000 (3.6%) | loss: 3.8514 | ppl: 47.1 | lr: 2.99e-04 | dt: 592ms | tok/s: 221,270
E07 step 002310/064000 (3.6%) | loss: 3.9294 | ppl: 50.9 | lr: 2.99e-04 | dt: 592ms | tok/s: 221,588
E07 step 002320/064000 (3.6%) | loss: 4.0401 | ppl: 56.8 | lr: 2.99e-04 | dt: 593ms | tok/s: 221,143
E07 step 002330/064000 (3.6%) | loss: 4.1235 | ppl: 61.8 | lr: 2.99e-04 | dt: 594ms | tok/s: 220,539
E07 step 002340/064000 (3.7%) | loss: 3.9435 | ppl: 51.6 | lr: 2.99e-04 | dt: 592ms | tok/s: 221,359
E07 step 002350/064000 (3.7%) | loss: 3.9645 | ppl: 52.7 | lr: 2.99e-04 | dt: 593ms | tok/s: 221,075
E07 step 002360/064000 (3.7%) | loss: 3.9600 | ppl: 52.5 | lr: 2.99e-04 | dt: 591ms | tok/s: 221,716
E07 step 002370/064000 (3.7%) | loss: 4.0038 | ppl: 54.8 | lr: 2.99e-04 | dt: 594ms | tok/s: 220,575
E07 step 002380/064000 (3.7%) | loss: 3.7206 | ppl: 41.3 | lr: 2.99e-04 | dt: 592ms | tok/s: 221,388
E07 step 002390/064000 (3.7%) | loss: 3.9777 | ppl: 53.4 | lr: 2.99e-04 | dt: 592ms | tok/s: 221,371
E07 step 002400/064000 (3.8%) | loss: 3.7800 | ppl: 43.8 | lr: 2.99e-04 | dt: 593ms | tok/s: 221,196
E07 step 002410/064000 (3.8%) | loss: 4.1638 | ppl: 64.3 | lr: 2.99e-04 | dt: 592ms | tok/s: 221,330
E07 step 002420/064000 (3.8%) | loss: 4.0557 | ppl: 57.7 | lr: 2.99e-04 | dt: 593ms | tok/s: 221,030
E07 step 002430/064000 (3.8%) | loss: 3.9912 | ppl: 54.1 | lr: 2.99e-04 | dt: 592ms | tok/s: 221,239
E07 step 002440/064000 (3.8%) | loss: 4.1172 | ppl: 61.4 | lr: 2.99e-04 | dt: 593ms | tok/s: 220,871
E07 step 002450/064000 (3.8%) | loss: 4.0559 | ppl: 57.7 | lr: 2.99e-04 | dt: 593ms | tok/s: 221,186
E07 step 002460/064000 (3.8%) | loss: 3.8597 | ppl: 47.4 | lr: 2.99e-04 | dt: 593ms | tok/s: 220,867
E07 step 002470/064000 (3.9%) | loss: 3.6923 | ppl: 40.1 | lr: 2.99e-04 | dt: 593ms | tok/s: 220,886
E07 step 002480/064000 (3.9%) | loss: 3.6519 | ppl: 38.5 | lr: 2.99e-04 | dt: 594ms | tok/s: 220,604
E07 step 002490/064000 (3.9%) | loss: 3.7781 | ppl: 43.7 | lr: 2.99e-04 | dt: 593ms | tok/s: 221,121
E07 step 002500/064000 (3.9%) | loss: 3.6672 | ppl: 39.1 | lr: 2.99e-04 | dt: 592ms | tok/s: 221,298
E07 step 002510/064000 (3.9%) | loss: 3.5468 | ppl: 34.7 | lr: 2.99e-04 | dt: 593ms | tok/s: 221,054
E07 step 002520/064000 (3.9%) | loss: 3.5951 | ppl: 36.4 | lr: 2.99e-04 | dt: 597ms | tok/s: 219,632
E07 step 002530/064000 (4.0%) | loss: 3.7667 | ppl: 43.2 | lr: 2.99e-04 | dt: 593ms | tok/s: 221,109
E07 step 002540/064000 (4.0%) | loss: 3.7322 | ppl: 41.8 | lr: 2.99e-04 | dt: 593ms | tok/s: 221,206
E07 step 002550/064000 (4.0%) | loss: 3.4664 | ppl: 32.0 | lr: 2.99e-04 | dt: 595ms | tok/s: 220,114
Epoch   8 | Step   2560 | Val loss: 3.6737 | Val ppl: 39.40 (best)
E08 step 002560/064000 (4.0%) | loss: 3.6815 | ppl: 39.7 | lr: 2.99e-04 | dt: 643ms | tok/s: 203,859
E08 step 002570/064000 (4.0%) | loss: 3.4310 | ppl: 30.9 | lr: 2.99e-04 | dt: 593ms | tok/s: 221,192
E08 step 002580/064000 (4.0%) | loss: 3.5752 | ppl: 35.7 | lr: 2.99e-04 | dt: 591ms | tok/s: 221,900
E08 step 002590/064000 (4.0%) | loss: 3.4655 | ppl: 32.0 | lr: 2.99e-04 | dt: 596ms | tok/s: 219,964
E08 step 002600/064000 (4.1%) | loss: 3.5411 | ppl: 34.5 | lr: 2.99e-04 | dt: 594ms | tok/s: 220,593
E08 step 002610/064000 (4.1%) | loss: 3.8893 | ppl: 48.9 | lr: 2.99e-04 | dt: 590ms | tok/s: 222,056
E08 step 002620/064000 (4.1%) | loss: 3.5908 | ppl: 36.3 | lr: 2.99e-04 | dt: 596ms | tok/s: 219,962
E08 step 002630/064000 (4.1%) | loss: 3.6588 | ppl: 38.8 | lr: 2.99e-04 | dt: 591ms | tok/s: 221,796
E08 step 002640/064000 (4.1%) | loss: 3.6253 | ppl: 37.5 | lr: 2.99e-04 | dt: 592ms | tok/s: 221,261
E08 step 002650/064000 (4.1%) | loss: 3.3569 | ppl: 28.7 | lr: 2.99e-04 | dt: 592ms | tok/s: 221,319
E08 step 002660/064000 (4.2%) | loss: 3.6429 | ppl: 38.2 | lr: 2.99e-04 | dt: 593ms | tok/s: 220,922
E08 step 002670/064000 (4.2%) | loss: 3.5434 | ppl: 34.6 | lr: 2.99e-04 | dt: 592ms | tok/s: 221,428
E08 step 002680/064000 (4.2%) | loss: 3.5810 | ppl: 35.9 | lr: 2.99e-04 | dt: 592ms | tok/s: 221,316
E08 step 002690/064000 (4.2%) | loss: 3.7012 | ppl: 40.5 | lr: 2.99e-04 | dt: 594ms | tok/s: 220,812
E08 step 002700/064000 (4.2%) | loss: 3.5280 | ppl: 34.1 | lr: 2.99e-04 | dt: 591ms | tok/s: 221,838
E08 step 002710/064000 (4.2%) | loss: 3.5483 | ppl: 34.8 | lr: 2.99e-04 | dt: 591ms | tok/s: 221,658
E08 step 002720/064000 (4.2%) | loss: 3.2213 | ppl: 25.1 | lr: 2.99e-04 | dt: 596ms | tok/s: 219,882
E08 step 002730/064000 (4.3%) | loss: 3.2897 | ppl: 26.8 | lr: 2.99e-04 | dt: 593ms | tok/s: 221,052
E08 step 002740/064000 (4.3%) | loss: 3.3892 | ppl: 29.6 | lr: 2.99e-04 | dt: 592ms | tok/s: 221,342
E08 step 002750/064000 (4.3%) | loss: 3.5561 | ppl: 35.0 | lr: 2.99e-04 | dt: 592ms | tok/s: 221,340
E08 step 002760/064000 (4.3%) | loss: 3.2966 | ppl: 27.0 | lr: 2.99e-04 | dt: 591ms | tok/s: 221,647
E08 step 002770/064000 (4.3%) | loss: 3.3436 | ppl: 28.3 | lr: 2.99e-04 | dt: 591ms | tok/s: 221,782
E08 step 002780/064000 (4.3%) | loss: 3.5561 | ppl: 35.0 | lr: 2.99e-04 | dt: 593ms | tok/s: 221,046
E08 step 002790/064000 (4.4%) | loss: 3.5807 | ppl: 35.9 | lr: 2.99e-04 | dt: 594ms | tok/s: 220,673
E08 step 002800/064000 (4.4%) | loss: 3.3589 | ppl: 28.8 | lr: 2.99e-04 | dt: 593ms | tok/s: 221,177
E08 step 002810/064000 (4.4%) | loss: 3.2902 | ppl: 26.8 | lr: 2.99e-04 | dt: 591ms | tok/s: 221,594
E08 step 002820/064000 (4.4%) | loss: 3.4761 | ppl: 32.3 | lr: 2.99e-04 | dt: 592ms | tok/s: 221,488
E08 step 002830/064000 (4.4%) | loss: 3.6873 | ppl: 39.9 | lr: 2.99e-04 | dt: 592ms | tok/s: 221,329
E08 step 002840/064000 (4.4%) | loss: 3.4823 | ppl: 32.5 | lr: 2.99e-04 | dt: 590ms | tok/s: 222,134
E08 step 002850/064000 (4.5%) | loss: 3.7044 | ppl: 40.6 | lr: 2.99e-04 | dt: 599ms | tok/s: 218,847
E08 step 002860/064000 (4.5%) | loss: 3.6340 | ppl: 37.9 | lr: 2.99e-04 | dt: 591ms | tok/s: 221,709
E08 step 002870/064000 (4.5%) | loss: 3.4401 | ppl: 31.2 | lr: 2.99e-04 | dt: 593ms | tok/s: 221,181
Epoch   9 | Step   2880 | Val loss: 3.4766 | Val ppl: 32.35 (best)
E09 step 002880/064000 (4.5%) | loss: 3.2655 | ppl: 26.2 | lr: 2.99e-04 | dt: 641ms | tok/s: 204,338
E09 step 002890/064000 (4.5%) | loss: 3.2934 | ppl: 26.9 | lr: 2.99e-04 | dt: 594ms | tok/s: 220,582
E09 step 002900/064000 (4.5%) | loss: 3.8180 | ppl: 45.5 | lr: 2.99e-04 | dt: 594ms | tok/s: 220,781